12/12/2024 15:37:33
- Gaumont OUEST less than 10% SAE-Car-12-2024
- station:004 less than 10% SAE-Bike-12-2024
- station:010 less than 10% SAE-Bike-12-2024
- station:011 less than 10% SAE-Bike-12-2024
- station:026 less than 10% SAE-Bike-12-2024
- station:027 less than 10% SAE-Bike-12-2024
- station:028 less than 10% SAE-Bike-12-2024
- station:036 less than 10% SAE-Bike-12-2024
- station:037 less than 10% SAE-Bike-12-2024
- station:039 less than 10% SAE-Bike-12-2024
- station:051 less than 10% SAE-Bike-12-2024
- station:059 less than 10% SAE-Bike-12-2024
12/12/2024 15:37:41
- Gaumont OUEST less than 10% SAE-Car-12-2024
- station:011 less than 10% SAE-Bike-12-2024
- station:026 less than 10% SAE-Bike-12-2024
- station:027 less than 10% SAE-Bike-12-2024
- station:028 less than 10% SAE-Bike-12-2024
- station:036 less than 10% SAE-Bike-12-2024
- station:037 less than 10% SAE-Bike-12-2024
- station:039 less than 10% SAE-Bike-12-2024
- station:051 less than 10% SAE-Bike-12-2024
- station:059 less than 10% SAE-Bike-12-2024
12/12/2024 15:37:43
- Gaumont OUEST less than 10% SAE-Car-12-2024
- station:004 less than 10% SAE-Bike-12-2024
- station:010 less than 10% SAE-Bike-12-2024
- station:011 less than 10% SAE-Bike-12-2024
- station:026 less than 10% SAE-Bike-12-2024
- station:027 less than 10% SAE-Bike-12-2024
- station:028 less than 10% SAE-Bike-12-2024
12/12/2024 18:48:20
- station:004 less than 10% SAE-Bike-12-2024
- station:010 less than 10% SAE-Bike-12-2024
- station:011 less than 10% SAE-Bike-12-2024
- station:026 less than 10% SAE-Bike-12-2024
- station:027 less than 10% SAE-Bike-12-2024
- station:028 less than 10% SAE-Bike-12-2024
- station:034 less than 10% SAE-Bike-12-2024
- station:036 less than 10% SAE-Bike-12-2024
- station:037 less than 10% SAE-Bike-12-2024
- station:047 less than 10% SAE-Bike-12-2024
- station:051 less than 10% SAE-Bike-12-2024
- station:059 less than 10% SAE-Bike-12-2024
- station:061 less than 10% SAE-Bike-12-2024
12/12/2024 18:59:28
- station:004 less than 10% SAE-Bike-12-2024
- station:010 less than 10% SAE-Bike-12-2024
- station:011 less than 10% SAE-Bike-12-2024
- station:026 less than 10% SAE-Bike-12-2024
- station:027 less than 10% SAE-Bike-12-2024
- station:028 less than 10% SAE-Bike-12-2024
- station:034 less than 10% SAE-Bike-12-2024
- station:036 less than 10% SAE-Bike-12-2024
- station:037 less than 10% SAE-Bike-12-2024
- station:047 less than 10% SAE-Bike-12-2024
- station:051 less than 10% SAE-Bike-12-2024
- station:059 less than 10% SAE-Bike-12-2024
- station:061 less than 10% SAE-Bike-12-2024
12/12/2024 19:35:37
- Arc de Triomphe less than 10% SAE-Car-12-2024
- station:004 less than 10% SAE-Bike-12-2024
- station:010 less than 10% SAE-Bike-12-2024
- station:011 less than 10% SAE-Bike-12-2024
- station:027 less than 10% SAE-Bike-12-2024
- station:028 less than 10% SAE-Bike-12-2024
- station:034 less than 10% SAE-Bike-12-2024
- station:036 less than 10% SAE-Bike-12-2024
- station:037 less than 10% SAE-Bike-12-2024
- station:051 less than 10% SAE-Bike-12-2024
- station:057 less than 10% SAE-Bike-12-2024
- station:059 less than 10% SAE-Bike-12-2024
- station:061 less than 10% SAE-Bike-12-2024
12/12/2024 19:52:07
- Arc de Triomphe less than 10% SAE-Car-12-2024
- station:004 less than 10% SAE-Bike-12-2024
- station:010 less than 10% SAE-Bike-12-2024
- station:011 less than 10% SAE-Bike-12-2024
- station:027 less than 10% SAE-Bike-12-2024
- station:028 less than 10% SAE-Bike-12-2024
- station:034 less than 10% SAE-Bike-12-2024
- station:036 less than 10% SAE-Bike-12-2024
- station:037 less than 10% SAE-Bike-12-2024
- station:051 less than 10% SAE-Bike-12-2024
- station:057 less than 10% SAE-Bike-12-2024
- station:059 less than 10% SAE-Bike-12-2024
- station:061 less than 10% SAE-Bike-12-2024
12/12/2024 20:16:41
- Arc de Triomphe less than 10% SAE-Car-12-2024
- station:004 less than 10% SAE-Bike-12-2024
- station:010 less than 10% SAE-Bike-12-2024
- station:011 less than 10% SAE-Bike-12-2024
- station:027 less than 10% SAE-Bike-12-2024
- station:028 less than 10% SAE-Bike-12-2024
- station:034 less than 10% SAE-Bike-12-2024
- station:036 less than 10% SAE-Bike-12-2024
- station:037 less than 10% SAE-Bike-12-2024
- station:038 less than 10% SAE-Bike-12-2024
- station:051 less than 10% SAE-Bike-12-2024
- station:057 less than 10% SAE-Bike-12-2024
- station:059 less than 10% SAE-Bike-12-2024
- station:061 less than 10% SAE-Bike-12-2024
12/12/2024 20:28:20
- Arc de Triomphe less than 10% SAE-Car-12-2024
- station:004 less than 10% SAE-Bike-12-2024
- station:010 less than 10% SAE-Bike-12-2024
- station:027 less than 10% SAE-Bike-12-2024
- station:028 less than 10% SAE-Bike-12-2024
- station:034 less than 10% SAE-Bike-12-2024
- station:036 less than 10% SAE-Bike-12-2024
- station:037 less than 10% SAE-Bike-12-2024
- station:038 less than 10% SAE-Bike-12-2024
- station:051 less than 10% SAE-Bike-12-2024
- station:057 less than 10% SAE-Bike-12-2024
- station:059 less than 10% SAE-Bike-12-2024
- station:061 less than 10% SAE-Bike-12-2024
12/12/2024 20:40:16
- Arc de Triomphe less than 10% SAE-Car-12-2024
- station:004 less than 10% SAE-Bike-12-2024
- station:010 less than 10% SAE-Bike-12-2024
- station:026 less than 10% SAE-Bike-12-2024
- station:027 less than 10% SAE-Bike-12-2024
- station:028 less than 10% SAE-Bike-12-2024
- station:034 less than 10% SAE-Bike-12-2024
- station:036 less than 10% SAE-Bike-12-2024
- station:037 less than 10% SAE-Bike-12-2024
- station:038 less than 10% SAE-Bike-12-2024
- station:051 less than 10% SAE-Bike-12-2024
- station:057 less than 10% SAE-Bike-12-2024
- station:059 less than 10% SAE-Bike-12-2024
- station:061 less than 10% SAE-Bike-12-2024
12/12/2024 20:51:35
- Arc de Triomphe less than 10% SAE-Car-12-2024
- station:004 less than 10% SAE-Bike-12-2024
- station:010 less than 10% SAE-Bike-12-2024
- station:026 less than 10% SAE-Bike-12-2024
- station:027 less than 10% SAE-Bike-12-2024
- station:028 less than 10% SAE-Bike-12-2024
- station:034 less than 10% SAE-Bike-12-2024
- station:036 less than 10% SAE-Bike-12-2024
- station:037 less than 10% SAE-Bike-12-2024
- station:038 less than 10% SAE-Bike-12-2024
- station:051 less than 10% SAE-Bike-12-2024
- station:057 less than 10% SAE-Bike-12-2024
- station:059 less than 10% SAE-Bike-12-2024
- station:061 less than 10% SAE-Bike-12-2024
12/12/2024 21:23:28
- station:004 less than 10% SAE-Bike-12-2024
- station:010 less than 10% SAE-Bike-12-2024
- station:026 less than 10% SAE-Bike-12-2024
- station:027 less than 10% SAE-Bike-12-2024
- station:028 less than 10% SAE-Bike-12-2024
- station:034 less than 10% SAE-Bike-12-2024
- station:036 less than 10% SAE-Bike-12-2024
- station:037 less than 10% SAE-Bike-12-2024
- station:047 less than 10% SAE-Bike-12-2024
- station:051 less than 10% SAE-Bike-12-2024
- station:057 less than 10% SAE-Bike-12-2024
- station:059 less than 10% SAE-Bike-12-2024
- station:061 less than 10% SAE-Bike-12-2024
12/12/2024 21:41:47
- Gaumont OUEST less than 10% SAE-Car-12-2024
- station:004 less than 10% SAE-Bike-12-2024
- station:010 less than 10% SAE-Bike-12-2024
- station:026 less than 10% SAE-Bike-12-2024
- station:027 less than 10% SAE-Bike-12-2024
- station:028 less than 10% SAE-Bike-12-2024
- station:034 less than 10% SAE-Bike-12-2024
- station:036 less than 10% SAE-Bike-12-2024
- station:037 less than 10% SAE-Bike-12-2024
- station:047 less than 10% SAE-Bike-12-2024
- station:051 less than 10% SAE-Bike-12-2024
- station:059 less than 10% SAE-Bike-12-2024
- station:061 less than 10% SAE-Bike-12-2024
12/12/2024 21:56:33
- station:004 less than 10% SAE-Bike-12-2024
- station:010 less than 10% SAE-Bike-12-2024
- station:026 less than 10% SAE-Bike-12-2024
- station:027 less than 10% SAE-Bike-12-2024
- station:028 less than 10% SAE-Bike-12-2024
- station:034 less than 10% SAE-Bike-12-2024
- station:036 less than 10% SAE-Bike-12-2024
- station:037 less than 10% SAE-Bike-12-2024
- station:047 less than 10% SAE-Bike-12-2024
- station:051 less than 10% SAE-Bike-12-2024
- station:059 less than 10% SAE-Bike-12-2024
- station:061 less than 10% SAE-Bike-12-2024
12/12/2024 22:22:20
- station:004 less than 10% SAE-Bike-12-2024
- station:010 less than 10% SAE-Bike-12-2024
- station:026 less than 10% SAE-Bike-12-2024
- station:027 less than 10% SAE-Bike-12-2024
- station:028 less than 10% SAE-Bike-12-2024
- station:034 less than 10% SAE-Bike-12-2024
- station:036 less than 10% SAE-Bike-12-2024
- station:037 less than 10% SAE-Bike-12-2024
- station:047 less than 10% SAE-Bike-12-2024
- station:051 less than 10% SAE-Bike-12-2024
- station:059 less than 10% SAE-Bike-12-2024
- station:061 less than 10% SAE-Bike-12-2024
12/12/2024 22:39:29
- station:004 less than 10% SAE-Bike-12-2024
- station:010 less than 10% SAE-Bike-12-2024
- station:026 less than 10% SAE-Bike-12-2024
- station:027 less than 10% SAE-Bike-12-2024
- station:028 less than 10% SAE-Bike-12-2024
- station:034 less than 10% SAE-Bike-12-2024
- station:036 less than 10% SAE-Bike-12-2024
- station:037 less than 10% SAE-Bike-12-2024
- station:047 less than 10% SAE-Bike-12-2024
- station:051 less than 10% SAE-Bike-12-2024
- station:059 less than 10% SAE-Bike-12-2024
- station:061 less than 10% SAE-Bike-12-2024
12/12/2024 22:50:43
- station:004 less than 10% SAE-Bike-12-2024
- station:009 less than 10% SAE-Bike-12-2024
- station:010 less than 10% SAE-Bike-12-2024
- station:026 less than 10% SAE-Bike-12-2024
- station:027 less than 10% SAE-Bike-12-2024
- station:028 less than 10% SAE-Bike-12-2024
- station:034 less than 10% SAE-Bike-12-2024
- station:036 less than 10% SAE-Bike-12-2024
- station:037 less than 10% SAE-Bike-12-2024
- station:051 less than 10% SAE-Bike-12-2024
- station:059 less than 10% SAE-Bike-12-2024
- station:061 less than 10% SAE-Bike-12-2024
12/12/2024 23:19:32
- station:004 less than 10% SAE-Bike-12-2024
- station:009 less than 10% SAE-Bike-12-2024
- station:010 less than 10% SAE-Bike-12-2024
- station:026 less than 10% SAE-Bike-12-2024
- station:027 less than 10% SAE-Bike-12-2024
- station:028 less than 10% SAE-Bike-12-2024
- station:034 less than 10% SAE-Bike-12-2024
- station:036 less than 10% SAE-Bike-12-2024
- station:037 less than 10% SAE-Bike-12-2024
- station:051 less than 10% SAE-Bike-12-2024
- station:059 less than 10% SAE-Bike-12-2024
- station:061 less than 10% SAE-Bike-12-2024
12/12/2024 23:39:00
- station:004 less than 10% SAE-Bike-12-2024
- station:009 less than 10% SAE-Bike-12-2024
- station:010 less than 10% SAE-Bike-12-2024
- station:026 less than 10% SAE-Bike-12-2024
- station:027 less than 10% SAE-Bike-12-2024
- station:028 less than 10% SAE-Bike-12-2024
- station:034 less than 10% SAE-Bike-12-2024
- station:036 less than 10% SAE-Bike-12-2024
- station:037 less than 10% SAE-Bike-12-2024
- station:043 less than 10% SAE-Bike-12-2024
- station:051 less than 10% SAE-Bike-12-2024
- station:059 less than 10% SAE-Bike-12-2024
- station:061 less than 10% SAE-Bike-12-2024
12/12/2024 23:50:18
- station:004 less than 10% SAE-Bike-12-2024
- station:009 less than 10% SAE-Bike-12-2024
- station:010 less than 10% SAE-Bike-12-2024
- station:026 less than 10% SAE-Bike-12-2024
- station:027 less than 10% SAE-Bike-12-2024
- station:028 less than 10% SAE-Bike-12-2024
- station:034 less than 10% SAE-Bike-12-2024
- station:036 less than 10% SAE-Bike-12-2024
- station:037 less than 10% SAE-Bike-12-2024
- station:043 less than 10% SAE-Bike-12-2024
- station:051 less than 10% SAE-Bike-12-2024
- station:059 less than 10% SAE-Bike-12-2024
- station:061 less than 10% SAE-Bike-12-2024
13/12/2024 00:09:59
- station:004 less than 10% SAE-Bike-12-2024
- station:009 less than 10% SAE-Bike-12-2024
- station:010 less than 10% SAE-Bike-12-2024
- station:017 less than 10% SAE-Bike-12-2024
- station:026 less than 10% SAE-Bike-12-2024
- station:027 less than 10% SAE-Bike-12-2024
- station:028 less than 10% SAE-Bike-12-2024
- station:034 less than 10% SAE-Bike-12-2024
- station:036 less than 10% SAE-Bike-12-2024
- station:043 less than 10% SAE-Bike-12-2024
- station:051 less than 10% SAE-Bike-12-2024
- station:059 less than 10% SAE-Bike-12-2024
- station:061 less than 10% SAE-Bike-12-2024
13/12/2024 00:29:32
- station:004 less than 10% SAE-Bike-12-2024
- station:009 less than 10% SAE-Bike-12-2024
- station:010 less than 10% SAE-Bike-12-2024
- station:017 less than 10% SAE-Bike-12-2024
- station:026 less than 10% SAE-Bike-12-2024
- station:027 less than 10% SAE-Bike-12-2024
- station:028 less than 10% SAE-Bike-12-2024
- station:034 less than 10% SAE-Bike-12-2024
- station:036 less than 10% SAE-Bike-12-2024
- station:037 less than 10% SAE-Bike-12-2024
- station:043 less than 10% SAE-Bike-12-2024
- station:051 less than 10% SAE-Bike-12-2024
- station:059 less than 10% SAE-Bike-12-2024
- station:061 less than 10% SAE-Bike-12-2024
13/12/2024 00:42:40
- station:004 less than 10% SAE-Bike-12-2024
- station:009 less than 10% SAE-Bike-12-2024
- station:010 less than 10% SAE-Bike-12-2024
- station:017 less than 10% SAE-Bike-12-2024
- station:026 less than 10% SAE-Bike-12-2024
- station:027 less than 10% SAE-Bike-12-2024
- station:028 less than 10% SAE-Bike-12-2024
- station:034 less than 10% SAE-Bike-12-2024
- station:036 less than 10% SAE-Bike-12-2024
- station:037 less than 10% SAE-Bike-12-2024
- station:043 less than 10% SAE-Bike-12-2024
- station:051 less than 10% SAE-Bike-12-2024
- station:059 less than 10% SAE-Bike-12-2024
- station:061 less than 10% SAE-Bike-12-2024
13/12/2024 00:56:58
- station:004 less than 10% SAE-Bike-12-2024
- station:009 less than 10% SAE-Bike-12-2024
- station:010 less than 10% SAE-Bike-12-2024
- station:017 less than 10% SAE-Bike-12-2024
- station:026 less than 10% SAE-Bike-12-2024
- station:027 less than 10% SAE-Bike-12-2024
- station:028 less than 10% SAE-Bike-12-2024
- station:034 less than 10% SAE-Bike-12-2024
- station:036 less than 10% SAE-Bike-12-2024
- station:037 less than 10% SAE-Bike-12-2024
- station:043 less than 10% SAE-Bike-12-2024
- station:051 less than 10% SAE-Bike-12-2024
- station:059 less than 10% SAE-Bike-12-2024
- station:061 less than 10% SAE-Bike-12-2024
13/12/2024 02:56:46
- station:004 less than 10% SAE-Bike-12-2024
- station:009 less than 10% SAE-Bike-12-2024
- station:010 less than 10% SAE-Bike-12-2024
- station:017 less than 10% SAE-Bike-12-2024
- station:026 less than 10% SAE-Bike-12-2024
- station:027 less than 10% SAE-Bike-12-2024
- station:028 less than 10% SAE-Bike-12-2024
- station:034 less than 10% SAE-Bike-12-2024
- station:036 less than 10% SAE-Bike-12-2024
- station:037 less than 10% SAE-Bike-12-2024
- station:051 less than 10% SAE-Bike-12-2024
- station:057 less than 10% SAE-Bike-12-2024
- station:059 less than 10% SAE-Bike-12-2024
- station:060 less than 10% SAE-Bike-12-2024
- station:061 less than 10% SAE-Bike-12-2024
13/12/2024 04:06:47
- station:002 less than 10% SAE-Bike-12-2024
- station:009 less than 10% SAE-Bike-12-2024
- station:010 less than 10% SAE-Bike-12-2024
- station:017 less than 10% SAE-Bike-12-2024
- station:026 less than 10% SAE-Bike-12-2024
- station:027 less than 10% SAE-Bike-12-2024
- station:028 less than 10% SAE-Bike-12-2024
- station:034 less than 10% SAE-Bike-12-2024
- station:036 less than 10% SAE-Bike-12-2024
- station:037 less than 10% SAE-Bike-12-2024
- station:051 less than 10% SAE-Bike-12-2024
- station:057 less than 10% SAE-Bike-12-2024
- station:059 less than 10% SAE-Bike-12-2024
- station:060 less than 10% SAE-Bike-12-2024
- station:061 less than 10% SAE-Bike-12-2024
13/12/2024 04:43:27
- station:002 less than 10% SAE-Bike-12-2024
- station:009 less than 10% SAE-Bike-12-2024
- station:010 less than 10% SAE-Bike-12-2024
- station:017 less than 10% SAE-Bike-12-2024
- station:026 less than 10% SAE-Bike-12-2024
- station:027 less than 10% SAE-Bike-12-2024
- station:028 less than 10% SAE-Bike-12-2024
- station:034 less than 10% SAE-Bike-12-2024
- station:036 less than 10% SAE-Bike-12-2024
- station:037 less than 10% SAE-Bike-12-2024
- station:051 less than 10% SAE-Bike-12-2024
- station:057 less than 10% SAE-Bike-12-2024
- station:059 less than 10% SAE-Bike-12-2024
- station:060 less than 10% SAE-Bike-12-2024
- station:061 less than 10% SAE-Bike-12-2024
13/12/2024 04:57:58
- station:002 less than 10% SAE-Bike-12-2024
- station:009 less than 10% SAE-Bike-12-2024
- station:010 less than 10% SAE-Bike-12-2024
- station:017 less than 10% SAE-Bike-12-2024
- station:026 less than 10% SAE-Bike-12-2024
- station:027 less than 10% SAE-Bike-12-2024
- station:028 less than 10% SAE-Bike-12-2024
- station:034 less than 10% SAE-Bike-12-2024
- station:036 less than 10% SAE-Bike-12-2024
- station:037 less than 10% SAE-Bike-12-2024
- station:051 less than 10% SAE-Bike-12-2024
- station:057 less than 10% SAE-Bike-12-2024
- station:059 less than 10% SAE-Bike-12-2024
- station:060 less than 10% SAE-Bike-12-2024
- station:061 less than 10% SAE-Bike-12-2024
13/12/2024 05:29:58
- station:002 less than 10% SAE-Bike-12-2024
- station:009 less than 10% SAE-Bike-12-2024
- station:010 less than 10% SAE-Bike-12-2024
- station:017 less than 10% SAE-Bike-12-2024
- station:026 less than 10% SAE-Bike-12-2024
- station:027 less than 10% SAE-Bike-12-2024
- station:028 less than 10% SAE-Bike-12-2024
- station:034 less than 10% SAE-Bike-12-2024
- station:036 less than 10% SAE-Bike-12-2024
- station:037 less than 10% SAE-Bike-12-2024
- station:051 less than 10% SAE-Bike-12-2024
- station:057 less than 10% SAE-Bike-12-2024
- station:059 less than 10% SAE-Bike-12-2024
- station:060 less than 10% SAE-Bike-12-2024
- station:061 less than 10% SAE-Bike-12-2024
13/12/2024 05:46:56
- station:002 less than 10% SAE-Bike-12-2024
- station:009 less than 10% SAE-Bike-12-2024
- station:010 less than 10% SAE-Bike-12-2024
- station:017 less than 10% SAE-Bike-12-2024
- station:026 less than 10% SAE-Bike-12-2024
- station:027 less than 10% SAE-Bike-12-2024
- station:028 less than 10% SAE-Bike-12-2024
- station:034 less than 10% SAE-Bike-12-2024
- station:036 less than 10% SAE-Bike-12-2024
- station:037 less than 10% SAE-Bike-12-2024
- station:051 less than 10% SAE-Bike-12-2024
- station:057 less than 10% SAE-Bike-12-2024
- station:059 less than 10% SAE-Bike-12-2024
- station:060 less than 10% SAE-Bike-12-2024
- station:061 less than 10% SAE-Bike-12-2024
13/12/2024 05:58:15
- station:002 less than 10% SAE-Bike-12-2024
- station:009 less than 10% SAE-Bike-12-2024
- station:010 less than 10% SAE-Bike-12-2024
- station:017 less than 10% SAE-Bike-12-2024
- station:026 less than 10% SAE-Bike-12-2024
- station:027 less than 10% SAE-Bike-12-2024
- station:028 less than 10% SAE-Bike-12-2024
- station:034 less than 10% SAE-Bike-12-2024
- station:036 less than 10% SAE-Bike-12-2024
- station:037 less than 10% SAE-Bike-12-2024
- station:051 less than 10% SAE-Bike-12-2024
- station:057 less than 10% SAE-Bike-12-2024
- station:059 less than 10% SAE-Bike-12-2024
- station:060 less than 10% SAE-Bike-12-2024
- station:061 less than 10% SAE-Bike-12-2024
13/12/2024 06:25:44
- station:002 less than 10% SAE-Bike-12-2024
- station:007 less than 10% SAE-Bike-12-2024
- station:009 less than 10% SAE-Bike-12-2024
- station:010 less than 10% SAE-Bike-12-2024
- station:017 less than 10% SAE-Bike-12-2024
- station:026 less than 10% SAE-Bike-12-2024
- station:027 less than 10% SAE-Bike-12-2024
- station:028 less than 10% SAE-Bike-12-2024
- station:034 less than 10% SAE-Bike-12-2024
- station:036 less than 10% SAE-Bike-12-2024
- station:037 less than 10% SAE-Bike-12-2024
- station:051 less than 10% SAE-Bike-12-2024
- station:057 less than 10% SAE-Bike-12-2024
- station:059 less than 10% SAE-Bike-12-2024
- station:060 less than 10% SAE-Bike-12-2024
- station:061 less than 10% SAE-Bike-12-2024
13/12/2024 06:42:10
- station:002 less than 10% SAE-Bike-12-2024
- station:007 less than 10% SAE-Bike-12-2024
- station:009 less than 10% SAE-Bike-12-2024
- station:010 less than 10% SAE-Bike-12-2024
- station:017 less than 10% SAE-Bike-12-2024
- station:026 less than 10% SAE-Bike-12-2024
- station:027 less than 10% SAE-Bike-12-2024
- station:028 less than 10% SAE-Bike-12-2024
- station:034 less than 10% SAE-Bike-12-2024
- station:036 less than 10% SAE-Bike-12-2024
- station:037 less than 10% SAE-Bike-12-2024
- station:051 less than 10% SAE-Bike-12-2024
- station:057 less than 10% SAE-Bike-12-2024
- station:059 less than 10% SAE-Bike-12-2024
- station:060 less than 10% SAE-Bike-12-2024
- station:061 less than 10% SAE-Bike-12-2024
13/12/2024 06:56:44
- station:002 less than 10% SAE-Bike-12-2024
- station:007 less than 10% SAE-Bike-12-2024
- station:009 less than 10% SAE-Bike-12-2024
- station:010 less than 10% SAE-Bike-12-2024
- station:017 less than 10% SAE-Bike-12-2024
- station:026 less than 10% SAE-Bike-12-2024
- station:027 less than 10% SAE-Bike-12-2024
- station:028 less than 10% SAE-Bike-12-2024
- station:034 less than 10% SAE-Bike-12-2024
- station:036 less than 10% SAE-Bike-12-2024
- station:037 less than 10% SAE-Bike-12-2024
- station:051 less than 10% SAE-Bike-12-2024
- station:057 less than 10% SAE-Bike-12-2024
- station:059 less than 10% SAE-Bike-12-2024
- station:060 less than 10% SAE-Bike-12-2024
- station:061 less than 10% SAE-Bike-12-2024
13/12/2024 07:33:31
- station:009 less than 10% SAE-Bike-12-2024
- station:010 less than 10% SAE-Bike-12-2024
- station:027 less than 10% SAE-Bike-12-2024
- station:028 less than 10% SAE-Bike-12-2024
- station:034 less than 10% SAE-Bike-12-2024
- station:036 less than 10% SAE-Bike-12-2024
- station:037 less than 10% SAE-Bike-12-2024
- station:051 less than 10% SAE-Bike-12-2024
- station:057 less than 10% SAE-Bike-12-2024
- station:059 less than 10% SAE-Bike-12-2024
- station:060 less than 10% SAE-Bike-12-2024
- station:061 less than 10% SAE-Bike-12-2024
13/12/2024 07:52:22
- station:009 less than 10% SAE-Bike-12-2024
- station:010 less than 10% SAE-Bike-12-2024
- station:027 less than 10% SAE-Bike-12-2024
- station:028 less than 10% SAE-Bike-12-2024
- station:034 less than 10% SAE-Bike-12-2024
- station:036 less than 10% SAE-Bike-12-2024
- station:037 less than 10% SAE-Bike-12-2024
- station:051 less than 10% SAE-Bike-12-2024
- station:059 less than 10% SAE-Bike-12-2024
- station:060 less than 10% SAE-Bike-12-2024
- station:061 less than 10% SAE-Bike-12-2024
13/12/2024 08:20:26
- station:009 less than 10% SAE-Bike-12-2024
- station:010 less than 10% SAE-Bike-12-2024
- station:027 less than 10% SAE-Bike-12-2024
- station:028 less than 10% SAE-Bike-12-2024
- station:034 less than 10% SAE-Bike-12-2024
- station:036 less than 10% SAE-Bike-12-2024
- station:037 less than 10% SAE-Bike-12-2024
- station:051 less than 10% SAE-Bike-12-2024
- station:059 less than 10% SAE-Bike-12-2024
- station:060 less than 10% SAE-Bike-12-2024
- station:061 less than 10% SAE-Bike-12-2024
13/12/2024 08:38:24
- station:009 less than 10% SAE-Bike-12-2024
- station:010 less than 10% SAE-Bike-12-2024
- station:027 less than 10% SAE-Bike-12-2024
- station:028 less than 10% SAE-Bike-12-2024
- station:034 less than 10% SAE-Bike-12-2024
- station:036 less than 10% SAE-Bike-12-2024
- station:037 less than 10% SAE-Bike-12-2024
- station:044 less than 10% SAE-Bike-12-2024
- station:047 less than 10% SAE-Bike-12-2024
- station:051 less than 10% SAE-Bike-12-2024
- station:059 less than 10% SAE-Bike-12-2024
- station:060 less than 10% SAE-Bike-12-2024
- station:061 less than 10% SAE-Bike-12-2024
13/12/2024 08:49:44
- station:009 less than 10% SAE-Bike-12-2024
- station:010 less than 10% SAE-Bike-12-2024
- station:027 less than 10% SAE-Bike-12-2024
- station:028 less than 10% SAE-Bike-12-2024
- station:034 less than 10% SAE-Bike-12-2024
- station:036 less than 10% SAE-Bike-12-2024
- station:037 less than 10% SAE-Bike-12-2024
- station:044 less than 10% SAE-Bike-12-2024
- station:047 less than 10% SAE-Bike-12-2024
- station:051 less than 10% SAE-Bike-12-2024
- station:059 less than 10% SAE-Bike-12-2024
- station:060 less than 10% SAE-Bike-12-2024
- station:061 less than 10% SAE-Bike-12-2024
13/12/2024 09:12:03
- station:009 less than 10% SAE-Bike-12-2024
- station:010 less than 10% SAE-Bike-12-2024
- station:026 less than 10% SAE-Bike-12-2024
- station:027 less than 10% SAE-Bike-12-2024
- station:028 less than 10% SAE-Bike-12-2024
- station:034 less than 10% SAE-Bike-12-2024
- station:036 less than 10% SAE-Bike-12-2024
- station:037 less than 10% SAE-Bike-12-2024
- station:044 less than 10% SAE-Bike-12-2024
- station:047 less than 10% SAE-Bike-12-2024
- station:051 less than 10% SAE-Bike-12-2024
- station:059 less than 10% SAE-Bike-12-2024
- station:060 less than 10% SAE-Bike-12-2024
- station:061 less than 10% SAE-Bike-12-2024
13/12/2024 09:41:04
- station:009 less than 10% SAE-Bike-12-2024
- station:010 less than 10% SAE-Bike-12-2024
- station:026 less than 10% SAE-Bike-12-2024
- station:027 less than 10% SAE-Bike-12-2024
- station:028 less than 10% SAE-Bike-12-2024
- station:034 less than 10% SAE-Bike-12-2024
- station:036 less than 10% SAE-Bike-12-2024
- station:037 less than 10% SAE-Bike-12-2024
- station:044 less than 10% SAE-Bike-12-2024
- station:051 less than 10% SAE-Bike-12-2024
- station:059 less than 10% SAE-Bike-12-2024
- station:060 less than 10% SAE-Bike-12-2024
- station:061 less than 10% SAE-Bike-12-2024
13/12/2024 09:56:47
- station:009 less than 10% SAE-Bike-12-2024
- station:010 less than 10% SAE-Bike-12-2024
- station:026 less than 10% SAE-Bike-12-2024
- station:027 less than 10% SAE-Bike-12-2024
- station:028 less than 10% SAE-Bike-12-2024
- station:036 less than 10% SAE-Bike-12-2024
- station:037 less than 10% SAE-Bike-12-2024
- station:044 less than 10% SAE-Bike-12-2024
- station:051 less than 10% SAE-Bike-12-2024
- station:059 less than 10% SAE-Bike-12-2024
- station:060 less than 10% SAE-Bike-12-2024
- station:061 less than 10% SAE-Bike-12-2024
13/12/2024 10:25:17
- station:009 less than 10% SAE-Bike-12-2024
- station:010 less than 10% SAE-Bike-12-2024
- station:026 less than 10% SAE-Bike-12-2024
- station:027 less than 10% SAE-Bike-12-2024
- station:028 less than 10% SAE-Bike-12-2024
- station:036 less than 10% SAE-Bike-12-2024
- station:037 less than 10% SAE-Bike-12-2024
- station:044 less than 10% SAE-Bike-12-2024
- station:051 less than 10% SAE-Bike-12-2024
- station:059 less than 10% SAE-Bike-12-2024
- station:060 less than 10% SAE-Bike-12-2024
- station:061 less than 10% SAE-Bike-12-2024
13/12/2024 10:40:59
- station:009 less than 10% SAE-Bike-12-2024
- station:010 less than 10% SAE-Bike-12-2024
- station:026 less than 10% SAE-Bike-12-2024
- station:027 less than 10% SAE-Bike-12-2024
- station:028 less than 10% SAE-Bike-12-2024
- station:036 less than 10% SAE-Bike-12-2024
- station:037 less than 10% SAE-Bike-12-2024
- station:044 less than 10% SAE-Bike-12-2024
- station:051 less than 10% SAE-Bike-12-2024
- station:059 less than 10% SAE-Bike-12-2024
- station:060 less than 10% SAE-Bike-12-2024
- station:061 less than 10% SAE-Bike-12-2024
13/12/2024 10:56:37
- Gaumont OUEST less than 10% SAE-Car-12-2024
- station:009 less than 10% SAE-Bike-12-2024
- station:010 less than 10% SAE-Bike-12-2024
- station:026 less than 10% SAE-Bike-12-2024
- station:027 less than 10% SAE-Bike-12-2024
- station:028 less than 10% SAE-Bike-12-2024
- station:036 less than 10% SAE-Bike-12-2024
- station:037 less than 10% SAE-Bike-12-2024
- station:044 less than 10% SAE-Bike-12-2024
- station:051 less than 10% SAE-Bike-12-2024
- station:059 less than 10% SAE-Bike-12-2024
- station:060 less than 10% SAE-Bike-12-2024
- station:061 less than 10% SAE-Bike-12-2024
13/12/2024 11:25:14
- Gaumont OUEST less than 10% SAE-Car-12-2024
- Arc de Triomphe less than 10% SAE-Car-12-2024
- station:009 less than 10% SAE-Bike-12-2024
- station:010 less than 10% SAE-Bike-12-2024
- station:026 less than 10% SAE-Bike-12-2024
- station:027 less than 10% SAE-Bike-12-2024
- station:028 less than 10% SAE-Bike-12-2024
- station:036 less than 10% SAE-Bike-12-2024
- station:037 less than 10% SAE-Bike-12-2024
- station:044 less than 10% SAE-Bike-12-2024
- station:051 less than 10% SAE-Bike-12-2024
- station:059 less than 10% SAE-Bike-12-2024
- station:060 less than 10% SAE-Bike-12-2024
- station:061 less than 10% SAE-Bike-12-2024
13/12/2024 11:44:23
- Gaumont OUEST less than 10% SAE-Car-12-2024
- Arc de Triomphe less than 10% SAE-Car-12-2024
- station:009 less than 10% SAE-Bike-12-2024
- station:010 less than 10% SAE-Bike-12-2024
- station:026 less than 10% SAE-Bike-12-2024
- station:027 less than 10% SAE-Bike-12-2024
- station:028 less than 10% SAE-Bike-12-2024
- station:036 less than 10% SAE-Bike-12-2024
- station:037 less than 10% SAE-Bike-12-2024
- station:044 less than 10% SAE-Bike-12-2024
- station:051 less than 10% SAE-Bike-12-2024
- station:059 less than 10% SAE-Bike-12-2024
- station:060 less than 10% SAE-Bike-12-2024
- station:061 less than 10% SAE-Bike-12-2024
13/12/2024 11:56:45
- Gaumont OUEST less than 10% SAE-Car-12-2024
- station:009 less than 10% SAE-Bike-12-2024
- station:010 less than 10% SAE-Bike-12-2024
- station:026 less than 10% SAE-Bike-12-2024
- station:027 less than 10% SAE-Bike-12-2024
- station:028 less than 10% SAE-Bike-12-2024
- station:036 less than 10% SAE-Bike-12-2024
- station:037 less than 10% SAE-Bike-12-2024
- station:044 less than 10% SAE-Bike-12-2024
- station:051 less than 10% SAE-Bike-12-2024
- station:059 less than 10% SAE-Bike-12-2024
- station:060 less than 10% SAE-Bike-12-2024
- station:061 less than 10% SAE-Bike-12-2024
13/12/2024 12:19:16
- Gaumont OUEST less than 10% SAE-Car-12-2024
- station:009 less than 10% SAE-Bike-12-2024
- station:010 less than 10% SAE-Bike-12-2024
- station:017 less than 10% SAE-Bike-12-2024
- station:026 less than 10% SAE-Bike-12-2024
- station:027 less than 10% SAE-Bike-12-2024
- station:028 less than 10% SAE-Bike-12-2024
- station:036 less than 10% SAE-Bike-12-2024
- station:037 less than 10% SAE-Bike-12-2024
- station:044 less than 10% SAE-Bike-12-2024
- station:051 less than 10% SAE-Bike-12-2024
- station:059 less than 10% SAE-Bike-12-2024
- station:060 less than 10% SAE-Bike-12-2024
- station:061 less than 10% SAE-Bike-12-2024
13/12/2024 12:30:31
- Gaumont OUEST less than 10% SAE-Car-12-2024
- Arc de Triomphe less than 10% SAE-Car-12-2024
- station:009 less than 10% SAE-Bike-12-2024
- station:010 less than 10% SAE-Bike-12-2024
- station:017 less than 10% SAE-Bike-12-2024
- station:026 less than 10% SAE-Bike-12-2024
- station:027 less than 10% SAE-Bike-12-2024
- station:028 less than 10% SAE-Bike-12-2024
- station:036 less than 10% SAE-Bike-12-2024
- station:037 less than 10% SAE-Bike-12-2024
- station:044 less than 10% SAE-Bike-12-2024
- station:051 less than 10% SAE-Bike-12-2024
- station:059 less than 10% SAE-Bike-12-2024
- station:060 less than 10% SAE-Bike-12-2024
- station:061 less than 10% SAE-Bike-12-2024
13/12/2024 12:46:54
- Gaumont OUEST less than 10% SAE-Car-12-2024
- Arc de Triomphe less than 10% SAE-Car-12-2024
- station:009 less than 10% SAE-Bike-12-2024
- station:010 less than 10% SAE-Bike-12-2024
- station:017 less than 10% SAE-Bike-12-2024
- station:026 less than 10% SAE-Bike-12-2024
- station:027 less than 10% SAE-Bike-12-2024
- station:028 less than 10% SAE-Bike-12-2024
- station:036 less than 10% SAE-Bike-12-2024
- station:037 less than 10% SAE-Bike-12-2024
- station:044 less than 10% SAE-Bike-12-2024
- station:051 less than 10% SAE-Bike-12-2024
- station:059 less than 10% SAE-Bike-12-2024
- station:060 less than 10% SAE-Bike-12-2024
- station:061 less than 10% SAE-Bike-12-2024
13/12/2024 12:58:04
- Gaumont OUEST less than 10% SAE-Car-12-2024
- Arc de Triomphe less than 10% SAE-Car-12-2024
- station:009 less than 10% SAE-Bike-12-2024
- station:010 less than 10% SAE-Bike-12-2024
- station:017 less than 10% SAE-Bike-12-2024
- station:026 less than 10% SAE-Bike-12-2024
- station:027 less than 10% SAE-Bike-12-2024
- station:028 less than 10% SAE-Bike-12-2024
- station:036 less than 10% SAE-Bike-12-2024
- station:037 less than 10% SAE-Bike-12-2024
- station:044 less than 10% SAE-Bike-12-2024
- station:051 less than 10% SAE-Bike-12-2024
- station:059 less than 10% SAE-Bike-12-2024
- station:060 less than 10% SAE-Bike-12-2024
- station:061 less than 10% SAE-Bike-12-2024
13/12/2024 13:50:25
- Gaumont OUEST less than 10% SAE-Car-12-2024
- station:009 less than 10% SAE-Bike-12-2024
- station:010 less than 10% SAE-Bike-12-2024
- station:026 less than 10% SAE-Bike-12-2024
- station:027 less than 10% SAE-Bike-12-2024
- station:028 less than 10% SAE-Bike-12-2024
- station:036 less than 10% SAE-Bike-12-2024
- station:037 less than 10% SAE-Bike-12-2024
- station:044 less than 10% SAE-Bike-12-2024
- station:051 less than 10% SAE-Bike-12-2024
- station:059 less than 10% SAE-Bike-12-2024
- station:060 less than 10% SAE-Bike-12-2024
- station:061 less than 10% SAE-Bike-12-2024
13/12/2024 14:28:56
- Gaumont OUEST less than 10% SAE-Car-12-2024
- station:009 less than 10% SAE-Bike-12-2024
- station:010 less than 10% SAE-Bike-12-2024
- station:026 less than 10% SAE-Bike-12-2024
- station:027 less than 10% SAE-Bike-12-2024
- station:028 less than 10% SAE-Bike-12-2024
- station:036 less than 10% SAE-Bike-12-2024
- station:037 less than 10% SAE-Bike-12-2024
- station:044 less than 10% SAE-Bike-12-2024
- station:051 less than 10% SAE-Bike-12-2024
- station:059 less than 10% SAE-Bike-12-2024
- station:060 less than 10% SAE-Bike-12-2024
- station:061 less than 10% SAE-Bike-12-2024
13/12/2024 14:45:00
- Gaumont OUEST less than 10% SAE-Car-12-2024
- station:009 less than 10% SAE-Bike-12-2024
- station:010 less than 10% SAE-Bike-12-2024
- station:026 less than 10% SAE-Bike-12-2024
- station:027 less than 10% SAE-Bike-12-2024
- station:028 less than 10% SAE-Bike-12-2024
- station:036 less than 10% SAE-Bike-12-2024
- station:037 less than 10% SAE-Bike-12-2024
- station:044 less than 10% SAE-Bike-12-2024
- station:051 less than 10% SAE-Bike-12-2024
- station:059 less than 10% SAE-Bike-12-2024
- station:060 less than 10% SAE-Bike-12-2024
- station:061 less than 10% SAE-Bike-12-2024
13/12/2024 14:56:46
- Gaumont OUEST less than 10% SAE-Car-12-2024
- station:009 less than 10% SAE-Bike-12-2024
- station:010 less than 10% SAE-Bike-12-2024
- station:026 less than 10% SAE-Bike-12-2024
- station:027 less than 10% SAE-Bike-12-2024
- station:028 less than 10% SAE-Bike-12-2024
- station:036 less than 10% SAE-Bike-12-2024
- station:037 less than 10% SAE-Bike-12-2024
- station:044 less than 10% SAE-Bike-12-2024
- station:051 less than 10% SAE-Bike-12-2024
- station:059 less than 10% SAE-Bike-12-2024
- station:060 less than 10% SAE-Bike-12-2024
- station:061 less than 10% SAE-Bike-12-2024
13/12/2024 15:22:40
- Gaumont OUEST less than 10% SAE-Car-12-2024
- station:009 less than 10% SAE-Bike-12-2024
- station:010 less than 10% SAE-Bike-12-2024
- station:026 less than 10% SAE-Bike-12-2024
- station:027 less than 10% SAE-Bike-12-2024
- station:028 less than 10% SAE-Bike-12-2024
- station:036 less than 10% SAE-Bike-12-2024
- station:037 less than 10% SAE-Bike-12-2024
- station:044 less than 10% SAE-Bike-12-2024
- station:051 less than 10% SAE-Bike-12-2024
- station:059 less than 10% SAE-Bike-12-2024
- station:060 less than 10% SAE-Bike-12-2024
- station:061 less than 10% SAE-Bike-12-2024
13/12/2024 15:42:44
- station:009 less than 10% SAE-Bike-12-2024
- station:010 less than 10% SAE-Bike-12-2024
- station:026 less than 10% SAE-Bike-12-2024
- station:027 less than 10% SAE-Bike-12-2024
- station:028 less than 10% SAE-Bike-12-2024
- station:036 less than 10% SAE-Bike-12-2024
- station:037 less than 10% SAE-Bike-12-2024
- station:044 less than 10% SAE-Bike-12-2024
- station:051 less than 10% SAE-Bike-12-2024
- station:059 less than 10% SAE-Bike-12-2024
- station:060 less than 10% SAE-Bike-12-2024
- station:061 less than 10% SAE-Bike-12-2024
13/12/2024 15:56:39
- station:009 less than 10% SAE-Bike-12-2024
- station:010 less than 10% SAE-Bike-12-2024
- station:026 less than 10% SAE-Bike-12-2024
- station:027 less than 10% SAE-Bike-12-2024
- station:028 less than 10% SAE-Bike-12-2024
- station:036 less than 10% SAE-Bike-12-2024
- station:037 less than 10% SAE-Bike-12-2024
- station:044 less than 10% SAE-Bike-12-2024
- station:051 less than 10% SAE-Bike-12-2024
- station:059 less than 10% SAE-Bike-12-2024
- station:060 less than 10% SAE-Bike-12-2024
- station:061 less than 10% SAE-Bike-12-2024
13/12/2024 16:24:49
- Arc de Triomphe less than 10% SAE-Car-12-2024
- station:009 less than 10% SAE-Bike-12-2024
- station:010 less than 10% SAE-Bike-12-2024
- station:026 less than 10% SAE-Bike-12-2024
- station:027 less than 10% SAE-Bike-12-2024
- station:028 less than 10% SAE-Bike-12-2024
- station:036 less than 10% SAE-Bike-12-2024
- station:037 less than 10% SAE-Bike-12-2024
- station:044 less than 10% SAE-Bike-12-2024
- station:051 less than 10% SAE-Bike-12-2024
- station:059 less than 10% SAE-Bike-12-2024
- station:060 less than 10% SAE-Bike-12-2024
- station:061 less than 10% SAE-Bike-12-2024
13/12/2024 16:41:35
- Arc de Triomphe less than 10% SAE-Car-12-2024
- station:010 less than 10% SAE-Bike-12-2024
- station:026 less than 10% SAE-Bike-12-2024
- station:027 less than 10% SAE-Bike-12-2024
- station:028 less than 10% SAE-Bike-12-2024
- station:036 less than 10% SAE-Bike-12-2024
- station:037 less than 10% SAE-Bike-12-2024
- station:044 less than 10% SAE-Bike-12-2024
- station:051 less than 10% SAE-Bike-12-2024
- station:059 less than 10% SAE-Bike-12-2024
- station:060 less than 10% SAE-Bike-12-2024
- station:061 less than 10% SAE-Bike-12-2024
13/12/2024 16:56:51
- station:010 less than 10% SAE-Bike-12-2024
- station:026 less than 10% SAE-Bike-12-2024
- station:027 less than 10% SAE-Bike-12-2024
- station:028 less than 10% SAE-Bike-12-2024
- station:036 less than 10% SAE-Bike-12-2024
- station:037 less than 10% SAE-Bike-12-2024
- station:044 less than 10% SAE-Bike-12-2024
- station:051 less than 10% SAE-Bike-12-2024
- station:059 less than 10% SAE-Bike-12-2024
- station:060 less than 10% SAE-Bike-12-2024
- station:061 less than 10% SAE-Bike-12-2024
13/12/2024 17:30:03
- station:010 less than 10% SAE-Bike-12-2024
- station:026 less than 10% SAE-Bike-12-2024
- station:027 less than 10% SAE-Bike-12-2024
- station:028 less than 10% SAE-Bike-12-2024
- station:036 less than 10% SAE-Bike-12-2024
- station:037 less than 10% SAE-Bike-12-2024
- station:044 less than 10% SAE-Bike-12-2024
- station:047 less than 10% SAE-Bike-12-2024
- station:051 less than 10% SAE-Bike-12-2024
- station:059 less than 10% SAE-Bike-12-2024
- station:060 less than 10% SAE-Bike-12-2024
- station:061 less than 10% SAE-Bike-12-2024
13/12/2024 17:49:17
- station:010 less than 10% SAE-Bike-12-2024
- station:026 less than 10% SAE-Bike-12-2024
- station:027 less than 10% SAE-Bike-12-2024
- station:028 less than 10% SAE-Bike-12-2024
- station:036 less than 10% SAE-Bike-12-2024
- station:037 less than 10% SAE-Bike-12-2024
- station:044 less than 10% SAE-Bike-12-2024
- station:047 less than 10% SAE-Bike-12-2024
- station:051 less than 10% SAE-Bike-12-2024
- station:059 less than 10% SAE-Bike-12-2024
- station:060 less than 10% SAE-Bike-12-2024
- station:061 less than 10% SAE-Bike-12-2024
13/12/2024 18:00:44
- station:010 less than 10% SAE-Bike-12-2024
- station:026 less than 10% SAE-Bike-12-2024
- station:027 less than 10% SAE-Bike-12-2024
- station:028 less than 10% SAE-Bike-12-2024
- station:036 less than 10% SAE-Bike-12-2024
- station:037 less than 10% SAE-Bike-12-2024
- station:044 less than 10% SAE-Bike-12-2024
- station:047 less than 10% SAE-Bike-12-2024
- station:051 less than 10% SAE-Bike-12-2024
- station:059 less than 10% SAE-Bike-12-2024
- station:060 less than 10% SAE-Bike-12-2024
- station:061 less than 10% SAE-Bike-12-2024
13/12/2024 18:29:36
- station:010 less than 10% SAE-Bike-12-2024
- station:026 less than 10% SAE-Bike-12-2024
- station:027 less than 10% SAE-Bike-12-2024
- station:028 less than 10% SAE-Bike-12-2024
- station:036 less than 10% SAE-Bike-12-2024
- station:037 less than 10% SAE-Bike-12-2024
- station:044 less than 10% SAE-Bike-12-2024
- station:047 less than 10% SAE-Bike-12-2024
- station:051 less than 10% SAE-Bike-12-2024
- station:059 less than 10% SAE-Bike-12-2024
- station:060 less than 10% SAE-Bike-12-2024
- station:061 less than 10% SAE-Bike-12-2024
13/12/2024 18:42:50
- station:010 less than 10% SAE-Bike-12-2024
- station:026 less than 10% SAE-Bike-12-2024
- station:027 less than 10% SAE-Bike-12-2024
- station:028 less than 10% SAE-Bike-12-2024
- station:036 less than 10% SAE-Bike-12-2024
- station:037 less than 10% SAE-Bike-12-2024
- station:044 less than 10% SAE-Bike-12-2024
- station:047 less than 10% SAE-Bike-12-2024
- station:051 less than 10% SAE-Bike-12-2024
- station:059 less than 10% SAE-Bike-12-2024
- station:060 less than 10% SAE-Bike-12-2024
- station:061 less than 10% SAE-Bike-12-2024
13/12/2024 18:56:45
- station:010 less than 10% SAE-Bike-12-2024
- station:026 less than 10% SAE-Bike-12-2024
- station:027 less than 10% SAE-Bike-12-2024
- station:028 less than 10% SAE-Bike-12-2024
- station:036 less than 10% SAE-Bike-12-2024
- station:037 less than 10% SAE-Bike-12-2024
- station:044 less than 10% SAE-Bike-12-2024
- station:047 less than 10% SAE-Bike-12-2024
- station:051 less than 10% SAE-Bike-12-2024
- station:059 less than 10% SAE-Bike-12-2024
- station:060 less than 10% SAE-Bike-12-2024
- station:061 less than 10% SAE-Bike-12-2024
13/12/2024 19:32:22
- station:010 less than 10% SAE-Bike-12-2024
- station:026 less than 10% SAE-Bike-12-2024
- station:027 less than 10% SAE-Bike-12-2024
- station:028 less than 10% SAE-Bike-12-2024
- station:036 less than 10% SAE-Bike-12-2024
- station:037 less than 10% SAE-Bike-12-2024
- station:044 less than 10% SAE-Bike-12-2024
- station:047 less than 10% SAE-Bike-12-2024
- station:051 less than 10% SAE-Bike-12-2024
- station:059 less than 10% SAE-Bike-12-2024
- station:060 less than 10% SAE-Bike-12-2024
- station:061 less than 10% SAE-Bike-12-2024
13/12/2024 19:51:20
- station:010 less than 10% SAE-Bike-12-2024
- station:026 less than 10% SAE-Bike-12-2024
- station:027 less than 10% SAE-Bike-12-2024
- station:028 less than 10% SAE-Bike-12-2024
- station:036 less than 10% SAE-Bike-12-2024
- station:037 less than 10% SAE-Bike-12-2024
- station:044 less than 10% SAE-Bike-12-2024
- station:047 less than 10% SAE-Bike-12-2024
- station:051 less than 10% SAE-Bike-12-2024
- station:059 less than 10% SAE-Bike-12-2024
- station:061 less than 10% SAE-Bike-12-2024
13/12/2024 20:16:19
- Arc de Triomphe less than 10% SAE-Car-12-2024
- station:010 less than 10% SAE-Bike-12-2024
- station:026 less than 10% SAE-Bike-12-2024
- station:027 less than 10% SAE-Bike-12-2024
- station:028 less than 10% SAE-Bike-12-2024
- station:036 less than 10% SAE-Bike-12-2024
- station:037 less than 10% SAE-Bike-12-2024
- station:044 less than 10% SAE-Bike-12-2024
- station:047 less than 10% SAE-Bike-12-2024
- station:051 less than 10% SAE-Bike-12-2024
- station:059 less than 10% SAE-Bike-12-2024
- station:061 less than 10% SAE-Bike-12-2024
13/12/2024 20:27:41
- Arc de Triomphe less than 10% SAE-Car-12-2024
- station:010 less than 10% SAE-Bike-12-2024
- station:023 less than 10% SAE-Bike-12-2024
- station:026 less than 10% SAE-Bike-12-2024
- station:027 less than 10% SAE-Bike-12-2024
- station:028 less than 10% SAE-Bike-12-2024
- station:036 less than 10% SAE-Bike-12-2024
- station:037 less than 10% SAE-Bike-12-2024
- station:044 less than 10% SAE-Bike-12-2024
- station:047 less than 10% SAE-Bike-12-2024
- station:051 less than 10% SAE-Bike-12-2024
- station:059 less than 10% SAE-Bike-12-2024
- station:061 less than 10% SAE-Bike-12-2024
13/12/2024 20:39:46
- Arc de Triomphe less than 10% SAE-Car-12-2024
- station:010 less than 10% SAE-Bike-12-2024
- station:023 less than 10% SAE-Bike-12-2024
- station:026 less than 10% SAE-Bike-12-2024
- station:027 less than 10% SAE-Bike-12-2024
- station:028 less than 10% SAE-Bike-12-2024
- station:036 less than 10% SAE-Bike-12-2024
- station:037 less than 10% SAE-Bike-12-2024
- station:044 less than 10% SAE-Bike-12-2024
- station:047 less than 10% SAE-Bike-12-2024
- station:051 less than 10% SAE-Bike-12-2024
- station:059 less than 10% SAE-Bike-12-2024
- station:061 less than 10% SAE-Bike-12-2024
13/12/2024 20:51:06
- Arc de Triomphe less than 10% SAE-Car-12-2024
- station:010 less than 10% SAE-Bike-12-2024
- station:023 less than 10% SAE-Bike-12-2024
- station:026 less than 10% SAE-Bike-12-2024
- station:027 less than 10% SAE-Bike-12-2024
- station:028 less than 10% SAE-Bike-12-2024
- station:036 less than 10% SAE-Bike-12-2024
- station:037 less than 10% SAE-Bike-12-2024
- station:044 less than 10% SAE-Bike-12-2024
- station:047 less than 10% SAE-Bike-12-2024
- station:051 less than 10% SAE-Bike-12-2024
- station:059 less than 10% SAE-Bike-12-2024
- station:061 less than 10% SAE-Bike-12-2024
13/12/2024 21:22:35
- Arc de Triomphe less than 10% SAE-Car-12-2024
- station:010 less than 10% SAE-Bike-12-2024
- station:023 less than 10% SAE-Bike-12-2024
- station:026 less than 10% SAE-Bike-12-2024
- station:027 less than 10% SAE-Bike-12-2024
- station:028 less than 10% SAE-Bike-12-2024
- station:036 less than 10% SAE-Bike-12-2024
- station:037 less than 10% SAE-Bike-12-2024
- station:044 less than 10% SAE-Bike-12-2024
- station:051 less than 10% SAE-Bike-12-2024
- station:059 less than 10% SAE-Bike-12-2024
- station:061 less than 10% SAE-Bike-12-2024
13/12/2024 21:41:20
- Arc de Triomphe less than 10% SAE-Car-12-2024
- station:010 less than 10% SAE-Bike-12-2024
- station:023 less than 10% SAE-Bike-12-2024
- station:026 less than 10% SAE-Bike-12-2024
- station:027 less than 10% SAE-Bike-12-2024
- station:028 less than 10% SAE-Bike-12-2024
- station:034 less than 10% SAE-Bike-12-2024
- station:036 less than 10% SAE-Bike-12-2024
- station:037 less than 10% SAE-Bike-12-2024
- station:044 less than 10% SAE-Bike-12-2024
- station:051 less than 10% SAE-Bike-12-2024
- station:059 less than 10% SAE-Bike-12-2024
- station:061 less than 10% SAE-Bike-12-2024
13/12/2024 21:56:59
- Arc de Triomphe less than 10% SAE-Car-12-2024
- station:004 less than 10% SAE-Bike-12-2024
- station:010 less than 10% SAE-Bike-12-2024
- station:026 less than 10% SAE-Bike-12-2024
- station:027 less than 10% SAE-Bike-12-2024
- station:028 less than 10% SAE-Bike-12-2024
- station:034 less than 10% SAE-Bike-12-2024
- station:036 less than 10% SAE-Bike-12-2024
- station:037 less than 10% SAE-Bike-12-2024
- station:044 less than 10% SAE-Bike-12-2024
- station:051 less than 10% SAE-Bike-12-2024
- station:059 less than 10% SAE-Bike-12-2024
- station:061 less than 10% SAE-Bike-12-2024
13/12/2024 22:21:59
- Arc de Triomphe less than 10% SAE-Car-12-2024
- station:004 less than 10% SAE-Bike-12-2024
- station:026 less than 10% SAE-Bike-12-2024
- station:027 less than 10% SAE-Bike-12-2024
- station:028 less than 10% SAE-Bike-12-2024
- station:034 less than 10% SAE-Bike-12-2024
- station:036 less than 10% SAE-Bike-12-2024
- station:037 less than 10% SAE-Bike-12-2024
- station:044 less than 10% SAE-Bike-12-2024
- station:051 less than 10% SAE-Bike-12-2024
- station:059 less than 10% SAE-Bike-12-2024
- station:061 less than 10% SAE-Bike-12-2024
13/12/2024 22:38:41
- Arc de Triomphe less than 10% SAE-Car-12-2024
- station:004 less than 10% SAE-Bike-12-2024
- station:026 less than 10% SAE-Bike-12-2024
- station:027 less than 10% SAE-Bike-12-2024
- station:028 less than 10% SAE-Bike-12-2024
- station:036 less than 10% SAE-Bike-12-2024
- station:037 less than 10% SAE-Bike-12-2024
- station:044 less than 10% SAE-Bike-12-2024
- station:047 less than 10% SAE-Bike-12-2024
- station:051 less than 10% SAE-Bike-12-2024
- station:059 less than 10% SAE-Bike-12-2024
- station:061 less than 10% SAE-Bike-12-2024
13/12/2024 22:50:07
- station:004 less than 10% SAE-Bike-12-2024
- station:026 less than 10% SAE-Bike-12-2024
- station:027 less than 10% SAE-Bike-12-2024
- station:028 less than 10% SAE-Bike-12-2024
- station:035 less than 10% SAE-Bike-12-2024
- station:036 less than 10% SAE-Bike-12-2024
- station:037 less than 10% SAE-Bike-12-2024
- station:044 less than 10% SAE-Bike-12-2024
- station:047 less than 10% SAE-Bike-12-2024
- station:051 less than 10% SAE-Bike-12-2024
- station:059 less than 10% SAE-Bike-12-2024
- station:061 less than 10% SAE-Bike-12-2024
13/12/2024 23:08:18
- station:004 less than 10% SAE-Bike-12-2024
- station:015 less than 10% SAE-Bike-12-2024
- station:026 less than 10% SAE-Bike-12-2024
- station:027 less than 10% SAE-Bike-12-2024
- station:028 less than 10% SAE-Bike-12-2024
- station:035 less than 10% SAE-Bike-12-2024
- station:036 less than 10% SAE-Bike-12-2024
- station:037 less than 10% SAE-Bike-12-2024
- station:044 less than 10% SAE-Bike-12-2024
- station:047 less than 10% SAE-Bike-12-2024
- station:051 less than 10% SAE-Bike-12-2024
- station:059 less than 10% SAE-Bike-12-2024
- station:061 less than 10% SAE-Bike-12-2024
13/12/2024 23:33:00
- station:004 less than 10% SAE-Bike-12-2024
- station:015 less than 10% SAE-Bike-12-2024
- station:026 less than 10% SAE-Bike-12-2024
- station:027 less than 10% SAE-Bike-12-2024
- station:028 less than 10% SAE-Bike-12-2024
- station:034 less than 10% SAE-Bike-12-2024
- station:035 less than 10% SAE-Bike-12-2024
- station:036 less than 10% SAE-Bike-12-2024
- station:037 less than 10% SAE-Bike-12-2024
- station:044 less than 10% SAE-Bike-12-2024
- station:047 less than 10% SAE-Bike-12-2024
- station:051 less than 10% SAE-Bike-12-2024
- station:059 less than 10% SAE-Bike-12-2024
- station:061 less than 10% SAE-Bike-12-2024
13/12/2024 23:47:03
- station:004 less than 10% SAE-Bike-12-2024
- station:015 less than 10% SAE-Bike-12-2024
- station:026 less than 10% SAE-Bike-12-2024
- station:027 less than 10% SAE-Bike-12-2024
- station:028 less than 10% SAE-Bike-12-2024
- station:034 less than 10% SAE-Bike-12-2024
- station:035 less than 10% SAE-Bike-12-2024
- station:036 less than 10% SAE-Bike-12-2024
- station:037 less than 10% SAE-Bike-12-2024
- station:044 less than 10% SAE-Bike-12-2024
- station:047 less than 10% SAE-Bike-12-2024
- station:051 less than 10% SAE-Bike-12-2024
- station:059 less than 10% SAE-Bike-12-2024
- station:061 less than 10% SAE-Bike-12-2024
13/12/2024 23:58:17
- station:004 less than 10% SAE-Bike-12-2024
- station:015 less than 10% SAE-Bike-12-2024
- station:026 less than 10% SAE-Bike-12-2024
- station:027 less than 10% SAE-Bike-12-2024
- station:028 less than 10% SAE-Bike-12-2024
- station:034 less than 10% SAE-Bike-12-2024
- station:035 less than 10% SAE-Bike-12-2024
- station:036 less than 10% SAE-Bike-12-2024
- station:037 less than 10% SAE-Bike-12-2024
- station:044 less than 10% SAE-Bike-12-2024
- station:047 less than 10% SAE-Bike-12-2024
- station:051 less than 10% SAE-Bike-12-2024
- station:059 less than 10% SAE-Bike-12-2024
- station:061 less than 10% SAE-Bike-12-2024
14/12/2024 00:23:51
- station:004 less than 10% SAE-Bike-12-2024
- station:009 less than 10% SAE-Bike-12-2024
- station:015 less than 10% SAE-Bike-12-2024
- station:026 less than 10% SAE-Bike-12-2024
- station:027 less than 10% SAE-Bike-12-2024
- station:028 less than 10% SAE-Bike-12-2024
- station:034 less than 10% SAE-Bike-12-2024
- station:035 less than 10% SAE-Bike-12-2024
- station:036 less than 10% SAE-Bike-12-2024
- station:037 less than 10% SAE-Bike-12-2024
- station:044 less than 10% SAE-Bike-12-2024
- station:047 less than 10% SAE-Bike-12-2024
- station:051 less than 10% SAE-Bike-12-2024
- station:059 less than 10% SAE-Bike-12-2024
- station:061 less than 10% SAE-Bike-12-2024
14/12/2024 00:39:36
- station:004 less than 10% SAE-Bike-12-2024
- station:026 less than 10% SAE-Bike-12-2024
- station:027 less than 10% SAE-Bike-12-2024
- station:028 less than 10% SAE-Bike-12-2024
- station:034 less than 10% SAE-Bike-12-2024
- station:035 less than 10% SAE-Bike-12-2024
- station:036 less than 10% SAE-Bike-12-2024
- station:037 less than 10% SAE-Bike-12-2024
- station:044 less than 10% SAE-Bike-12-2024
- station:051 less than 10% SAE-Bike-12-2024
- station:059 less than 10% SAE-Bike-12-2024
- station:061 less than 10% SAE-Bike-12-2024
14/12/2024 00:51:00
- station:004 less than 10% SAE-Bike-12-2024
- station:007 less than 10% SAE-Bike-12-2024
- station:026 less than 10% SAE-Bike-12-2024
- station:027 less than 10% SAE-Bike-12-2024
- station:028 less than 10% SAE-Bike-12-2024
- station:034 less than 10% SAE-Bike-12-2024
- station:035 less than 10% SAE-Bike-12-2024
- station:036 less than 10% SAE-Bike-12-2024
- station:037 less than 10% SAE-Bike-12-2024
- station:044 less than 10% SAE-Bike-12-2024
- station:051 less than 10% SAE-Bike-12-2024
- station:059 less than 10% SAE-Bike-12-2024
- station:061 less than 10% SAE-Bike-12-2024
14/12/2024 02:38:41
- station:004 less than 10% SAE-Bike-12-2024
- station:007 less than 10% SAE-Bike-12-2024
- station:026 less than 10% SAE-Bike-12-2024
- station:027 less than 10% SAE-Bike-12-2024
- station:028 less than 10% SAE-Bike-12-2024
- station:034 less than 10% SAE-Bike-12-2024
- station:035 less than 10% SAE-Bike-12-2024
- station:036 less than 10% SAE-Bike-12-2024
- station:037 less than 10% SAE-Bike-12-2024
- station:044 less than 10% SAE-Bike-12-2024
- station:051 less than 10% SAE-Bike-12-2024
- station:059 less than 10% SAE-Bike-12-2024
- station:061 less than 10% SAE-Bike-12-2024
14/12/2024 03:48:35
- station:004 less than 10% SAE-Bike-12-2024
- station:007 less than 10% SAE-Bike-12-2024
- station:026 less than 10% SAE-Bike-12-2024
- station:027 less than 10% SAE-Bike-12-2024
- station:028 less than 10% SAE-Bike-12-2024
- station:034 less than 10% SAE-Bike-12-2024
- station:035 less than 10% SAE-Bike-12-2024
- station:036 less than 10% SAE-Bike-12-2024
- station:037 less than 10% SAE-Bike-12-2024
- station:044 less than 10% SAE-Bike-12-2024
- station:051 less than 10% SAE-Bike-12-2024
- station:057 less than 10% SAE-Bike-12-2024
- station:059 less than 10% SAE-Bike-12-2024
- station:061 less than 10% SAE-Bike-12-2024
14/12/2024 04:21:43
- station:004 less than 10% SAE-Bike-12-2024
- station:007 less than 10% SAE-Bike-12-2024
- station:008 less than 10% SAE-Bike-12-2024
- station:026 less than 10% SAE-Bike-12-2024
- station:027 less than 10% SAE-Bike-12-2024
- station:028 less than 10% SAE-Bike-12-2024
- station:034 less than 10% SAE-Bike-12-2024
- station:035 less than 10% SAE-Bike-12-2024
- station:036 less than 10% SAE-Bike-12-2024
- station:037 less than 10% SAE-Bike-12-2024
- station:038 less than 10% SAE-Bike-12-2024
- station:044 less than 10% SAE-Bike-12-2024
- station:051 less than 10% SAE-Bike-12-2024
- station:057 less than 10% SAE-Bike-12-2024
- station:059 less than 10% SAE-Bike-12-2024
- station:061 less than 10% SAE-Bike-12-2024
14/12/2024 04:48:59
- station:004 less than 10% SAE-Bike-12-2024
- station:007 less than 10% SAE-Bike-12-2024
- station:008 less than 10% SAE-Bike-12-2024
- station:026 less than 10% SAE-Bike-12-2024
- station:027 less than 10% SAE-Bike-12-2024
- station:028 less than 10% SAE-Bike-12-2024
- station:034 less than 10% SAE-Bike-12-2024
- station:035 less than 10% SAE-Bike-12-2024
- station:036 less than 10% SAE-Bike-12-2024
- station:044 less than 10% SAE-Bike-12-2024
- station:051 less than 10% SAE-Bike-12-2024
- station:057 less than 10% SAE-Bike-12-2024
- station:059 less than 10% SAE-Bike-12-2024
- station:061 less than 10% SAE-Bike-12-2024
14/12/2024 05:00:36
- station:004 less than 10% SAE-Bike-12-2024
- station:007 less than 10% SAE-Bike-12-2024
- station:008 less than 10% SAE-Bike-12-2024
- station:026 less than 10% SAE-Bike-12-2024
- station:027 less than 10% SAE-Bike-12-2024
- station:028 less than 10% SAE-Bike-12-2024
- station:034 less than 10% SAE-Bike-12-2024
- station:035 less than 10% SAE-Bike-12-2024
- station:036 less than 10% SAE-Bike-12-2024
- station:044 less than 10% SAE-Bike-12-2024
- station:051 less than 10% SAE-Bike-12-2024
- station:057 less than 10% SAE-Bike-12-2024
- station:059 less than 10% SAE-Bike-12-2024
- station:061 less than 10% SAE-Bike-12-2024
14/12/2024 05:32:11
- station:002 less than 10% SAE-Bike-12-2024
- station:004 less than 10% SAE-Bike-12-2024
- station:007 less than 10% SAE-Bike-12-2024
- station:008 less than 10% SAE-Bike-12-2024
- station:026 less than 10% SAE-Bike-12-2024
- station:027 less than 10% SAE-Bike-12-2024
- station:028 less than 10% SAE-Bike-12-2024
- station:032 less than 10% SAE-Bike-12-2024
- station:034 less than 10% SAE-Bike-12-2024
- station:035 less than 10% SAE-Bike-12-2024
- station:044 less than 10% SAE-Bike-12-2024
- station:051 less than 10% SAE-Bike-12-2024
- station:057 less than 10% SAE-Bike-12-2024
- station:059 less than 10% SAE-Bike-12-2024
- station:061 less than 10% SAE-Bike-12-2024
14/12/2024 05:48:25
- station:002 less than 10% SAE-Bike-12-2024
- station:004 less than 10% SAE-Bike-12-2024
- station:007 less than 10% SAE-Bike-12-2024
- station:008 less than 10% SAE-Bike-12-2024
- station:026 less than 10% SAE-Bike-12-2024
- station:027 less than 10% SAE-Bike-12-2024
- station:028 less than 10% SAE-Bike-12-2024
- station:032 less than 10% SAE-Bike-12-2024
- station:034 less than 10% SAE-Bike-12-2024
- station:035 less than 10% SAE-Bike-12-2024
- station:044 less than 10% SAE-Bike-12-2024
- station:051 less than 10% SAE-Bike-12-2024
- station:057 less than 10% SAE-Bike-12-2024
- station:059 less than 10% SAE-Bike-12-2024
- station:061 less than 10% SAE-Bike-12-2024
14/12/2024 05:59:57
- station:002 less than 10% SAE-Bike-12-2024
- station:004 less than 10% SAE-Bike-12-2024
- station:007 less than 10% SAE-Bike-12-2024
- station:008 less than 10% SAE-Bike-12-2024
- station:026 less than 10% SAE-Bike-12-2024
- station:027 less than 10% SAE-Bike-12-2024
- station:028 less than 10% SAE-Bike-12-2024
- station:032 less than 10% SAE-Bike-12-2024
- station:034 less than 10% SAE-Bike-12-2024
- station:035 less than 10% SAE-Bike-12-2024
- station:044 less than 10% SAE-Bike-12-2024
- station:051 less than 10% SAE-Bike-12-2024
- station:057 less than 10% SAE-Bike-12-2024
- station:059 less than 10% SAE-Bike-12-2024
- station:061 less than 10% SAE-Bike-12-2024
14/12/2024 06:25:30
- station:002 less than 10% SAE-Bike-12-2024
- station:004 less than 10% SAE-Bike-12-2024
- station:007 less than 10% SAE-Bike-12-2024
- station:008 less than 10% SAE-Bike-12-2024
- station:026 less than 10% SAE-Bike-12-2024
- station:027 less than 10% SAE-Bike-12-2024
- station:028 less than 10% SAE-Bike-12-2024
- station:032 less than 10% SAE-Bike-12-2024
- station:034 less than 10% SAE-Bike-12-2024
- station:035 less than 10% SAE-Bike-12-2024
- station:044 less than 10% SAE-Bike-12-2024
- station:051 less than 10% SAE-Bike-12-2024
- station:057 less than 10% SAE-Bike-12-2024
- station:059 less than 10% SAE-Bike-12-2024
- station:061 less than 10% SAE-Bike-12-2024
14/12/2024 06:40:28
- station:002 less than 10% SAE-Bike-12-2024
- station:004 less than 10% SAE-Bike-12-2024
- station:007 less than 10% SAE-Bike-12-2024
- station:008 less than 10% SAE-Bike-12-2024
- station:026 less than 10% SAE-Bike-12-2024
- station:027 less than 10% SAE-Bike-12-2024
- station:028 less than 10% SAE-Bike-12-2024
- station:032 less than 10% SAE-Bike-12-2024
- station:034 less than 10% SAE-Bike-12-2024
- station:035 less than 10% SAE-Bike-12-2024
- station:044 less than 10% SAE-Bike-12-2024
- station:051 less than 10% SAE-Bike-12-2024
- station:057 less than 10% SAE-Bike-12-2024
- station:059 less than 10% SAE-Bike-12-2024
- station:061 less than 10% SAE-Bike-12-2024
14/12/2024 06:56:31
- station:002 less than 10% SAE-Bike-12-2024
- station:004 less than 10% SAE-Bike-12-2024
- station:007 less than 10% SAE-Bike-12-2024
- station:008 less than 10% SAE-Bike-12-2024
- station:026 less than 10% SAE-Bike-12-2024
- station:027 less than 10% SAE-Bike-12-2024
- station:028 less than 10% SAE-Bike-12-2024
- station:032 less than 10% SAE-Bike-12-2024
- station:034 less than 10% SAE-Bike-12-2024
- station:035 less than 10% SAE-Bike-12-2024
- station:044 less than 10% SAE-Bike-12-2024
- station:051 less than 10% SAE-Bike-12-2024
- station:057 less than 10% SAE-Bike-12-2024
- station:059 less than 10% SAE-Bike-12-2024
- station:061 less than 10% SAE-Bike-12-2024
14/12/2024 07:30:19
- station:002 less than 10% SAE-Bike-12-2024
- station:004 less than 10% SAE-Bike-12-2024
- station:007 less than 10% SAE-Bike-12-2024
- station:008 less than 10% SAE-Bike-12-2024
- station:026 less than 10% SAE-Bike-12-2024
- station:027 less than 10% SAE-Bike-12-2024
- station:028 less than 10% SAE-Bike-12-2024
- station:032 less than 10% SAE-Bike-12-2024
- station:034 less than 10% SAE-Bike-12-2024
- station:035 less than 10% SAE-Bike-12-2024
- station:044 less than 10% SAE-Bike-12-2024
- station:051 less than 10% SAE-Bike-12-2024
- station:057 less than 10% SAE-Bike-12-2024
- station:059 less than 10% SAE-Bike-12-2024
- station:061 less than 10% SAE-Bike-12-2024
14/12/2024 07:47:36
- station:002 less than 10% SAE-Bike-12-2024
- station:004 less than 10% SAE-Bike-12-2024
- station:007 less than 10% SAE-Bike-12-2024
- station:008 less than 10% SAE-Bike-12-2024
- station:026 less than 10% SAE-Bike-12-2024
- station:027 less than 10% SAE-Bike-12-2024
- station:028 less than 10% SAE-Bike-12-2024
- station:032 less than 10% SAE-Bike-12-2024
- station:034 less than 10% SAE-Bike-12-2024
- station:035 less than 10% SAE-Bike-12-2024
- station:044 less than 10% SAE-Bike-12-2024
- station:051 less than 10% SAE-Bike-12-2024
- station:057 less than 10% SAE-Bike-12-2024
- station:059 less than 10% SAE-Bike-12-2024
- station:061 less than 10% SAE-Bike-12-2024
14/12/2024 07:59:04
- station:002 less than 10% SAE-Bike-12-2024
- station:004 less than 10% SAE-Bike-12-2024
- station:007 less than 10% SAE-Bike-12-2024
- station:008 less than 10% SAE-Bike-12-2024
- station:026 less than 10% SAE-Bike-12-2024
- station:027 less than 10% SAE-Bike-12-2024
- station:028 less than 10% SAE-Bike-12-2024
- station:032 less than 10% SAE-Bike-12-2024
- station:034 less than 10% SAE-Bike-12-2024
- station:035 less than 10% SAE-Bike-12-2024
- station:044 less than 10% SAE-Bike-12-2024
- station:051 less than 10% SAE-Bike-12-2024
- station:057 less than 10% SAE-Bike-12-2024
- station:059 less than 10% SAE-Bike-12-2024
- station:061 less than 10% SAE-Bike-12-2024
14/12/2024 08:23:07
- station:002 less than 10% SAE-Bike-12-2024
- station:004 less than 10% SAE-Bike-12-2024
- station:007 less than 10% SAE-Bike-12-2024
- station:008 less than 10% SAE-Bike-12-2024
- station:011 less than 10% SAE-Bike-12-2024
- station:026 less than 10% SAE-Bike-12-2024
- station:027 less than 10% SAE-Bike-12-2024
- station:028 less than 10% SAE-Bike-12-2024
- station:032 less than 10% SAE-Bike-12-2024
- station:034 less than 10% SAE-Bike-12-2024
- station:035 less than 10% SAE-Bike-12-2024
- station:044 less than 10% SAE-Bike-12-2024
- station:051 less than 10% SAE-Bike-12-2024
- station:057 less than 10% SAE-Bike-12-2024
- station:059 less than 10% SAE-Bike-12-2024
- station:061 less than 10% SAE-Bike-12-2024
14/12/2024 08:37:32
- station:002 less than 10% SAE-Bike-12-2024
- station:004 less than 10% SAE-Bike-12-2024
- station:007 less than 10% SAE-Bike-12-2024
- station:008 less than 10% SAE-Bike-12-2024
- station:011 less than 10% SAE-Bike-12-2024
- station:026 less than 10% SAE-Bike-12-2024
- station:027 less than 10% SAE-Bike-12-2024
- station:028 less than 10% SAE-Bike-12-2024
- station:032 less than 10% SAE-Bike-12-2024
- station:034 less than 10% SAE-Bike-12-2024
- station:035 less than 10% SAE-Bike-12-2024
- station:044 less than 10% SAE-Bike-12-2024
- station:051 less than 10% SAE-Bike-12-2024
- station:057 less than 10% SAE-Bike-12-2024
- station:059 less than 10% SAE-Bike-12-2024
- station:061 less than 10% SAE-Bike-12-2024
14/12/2024 08:48:59
- station:002 less than 10% SAE-Bike-12-2024
- station:007 less than 10% SAE-Bike-12-2024
- station:008 less than 10% SAE-Bike-12-2024
- station:011 less than 10% SAE-Bike-12-2024
- station:026 less than 10% SAE-Bike-12-2024
- station:027 less than 10% SAE-Bike-12-2024
- station:028 less than 10% SAE-Bike-12-2024
- station:032 less than 10% SAE-Bike-12-2024
- station:034 less than 10% SAE-Bike-12-2024
- station:035 less than 10% SAE-Bike-12-2024
- station:044 less than 10% SAE-Bike-12-2024
- station:051 less than 10% SAE-Bike-12-2024
- station:057 less than 10% SAE-Bike-12-2024
- station:059 less than 10% SAE-Bike-12-2024
- station:061 less than 10% SAE-Bike-12-2024
14/12/2024 09:00:14
- station:002 less than 10% SAE-Bike-12-2024
- station:007 less than 10% SAE-Bike-12-2024
- station:008 less than 10% SAE-Bike-12-2024
- station:011 less than 10% SAE-Bike-12-2024
- station:026 less than 10% SAE-Bike-12-2024
- station:027 less than 10% SAE-Bike-12-2024
- station:028 less than 10% SAE-Bike-12-2024
- station:032 less than 10% SAE-Bike-12-2024
- station:034 less than 10% SAE-Bike-12-2024
- station:035 less than 10% SAE-Bike-12-2024
- station:036 less than 10% SAE-Bike-12-2024
- station:044 less than 10% SAE-Bike-12-2024
- station:051 less than 10% SAE-Bike-12-2024
- station:057 less than 10% SAE-Bike-12-2024
- station:059 less than 10% SAE-Bike-12-2024
- station:061 less than 10% SAE-Bike-12-2024
14/12/2024 09:30:25
- station:002 less than 10% SAE-Bike-12-2024
- station:007 less than 10% SAE-Bike-12-2024
- station:008 less than 10% SAE-Bike-12-2024
- station:011 less than 10% SAE-Bike-12-2024
- station:026 less than 10% SAE-Bike-12-2024
- station:027 less than 10% SAE-Bike-12-2024
- station:028 less than 10% SAE-Bike-12-2024
- station:032 less than 10% SAE-Bike-12-2024
- station:034 less than 10% SAE-Bike-12-2024
- station:035 less than 10% SAE-Bike-12-2024
- station:036 less than 10% SAE-Bike-12-2024
- station:044 less than 10% SAE-Bike-12-2024
- station:051 less than 10% SAE-Bike-12-2024
- station:057 less than 10% SAE-Bike-12-2024
- station:059 less than 10% SAE-Bike-12-2024
- station:061 less than 10% SAE-Bike-12-2024
14/12/2024 09:49:03
- station:002 less than 10% SAE-Bike-12-2024
- station:007 less than 10% SAE-Bike-12-2024
- station:008 less than 10% SAE-Bike-12-2024
- station:011 less than 10% SAE-Bike-12-2024
- station:026 less than 10% SAE-Bike-12-2024
- station:027 less than 10% SAE-Bike-12-2024
- station:028 less than 10% SAE-Bike-12-2024
- station:032 less than 10% SAE-Bike-12-2024
- station:034 less than 10% SAE-Bike-12-2024
- station:035 less than 10% SAE-Bike-12-2024
- station:036 less than 10% SAE-Bike-12-2024
- station:044 less than 10% SAE-Bike-12-2024
- station:051 less than 10% SAE-Bike-12-2024
- station:057 less than 10% SAE-Bike-12-2024
- station:059 less than 10% SAE-Bike-12-2024
- station:061 less than 10% SAE-Bike-12-2024
14/12/2024 10:00:21
- station:002 less than 10% SAE-Bike-12-2024
- station:007 less than 10% SAE-Bike-12-2024
- station:008 less than 10% SAE-Bike-12-2024
- station:011 less than 10% SAE-Bike-12-2024
- station:026 less than 10% SAE-Bike-12-2024
- station:027 less than 10% SAE-Bike-12-2024
- station:028 less than 10% SAE-Bike-12-2024
- station:032 less than 10% SAE-Bike-12-2024
- station:034 less than 10% SAE-Bike-12-2024
- station:035 less than 10% SAE-Bike-12-2024
- station:036 less than 10% SAE-Bike-12-2024
- station:044 less than 10% SAE-Bike-12-2024
- station:051 less than 10% SAE-Bike-12-2024
- station:057 less than 10% SAE-Bike-12-2024
- station:059 less than 10% SAE-Bike-12-2024
- station:061 less than 10% SAE-Bike-12-2024
14/12/2024 10:24:48
- station:002 less than 10% SAE-Bike-12-2024
- station:007 less than 10% SAE-Bike-12-2024
- station:008 less than 10% SAE-Bike-12-2024
- station:011 less than 10% SAE-Bike-12-2024
- station:027 less than 10% SAE-Bike-12-2024
- station:028 less than 10% SAE-Bike-12-2024
- station:032 less than 10% SAE-Bike-12-2024
- station:034 less than 10% SAE-Bike-12-2024
- station:035 less than 10% SAE-Bike-12-2024
- station:036 less than 10% SAE-Bike-12-2024
- station:044 less than 10% SAE-Bike-12-2024
- station:059 less than 10% SAE-Bike-12-2024
- station:061 less than 10% SAE-Bike-12-2024
14/12/2024 10:38:32
- station:002 less than 10% SAE-Bike-12-2024
- station:008 less than 10% SAE-Bike-12-2024
- station:011 less than 10% SAE-Bike-12-2024
- station:027 less than 10% SAE-Bike-12-2024
- station:028 less than 10% SAE-Bike-12-2024
- station:032 less than 10% SAE-Bike-12-2024
- station:034 less than 10% SAE-Bike-12-2024
- station:035 less than 10% SAE-Bike-12-2024
- station:036 less than 10% SAE-Bike-12-2024
- station:044 less than 10% SAE-Bike-12-2024
- station:059 less than 10% SAE-Bike-12-2024
- station:061 less than 10% SAE-Bike-12-2024
14/12/2024 10:49:47
- station:002 less than 10% SAE-Bike-12-2024
- station:008 less than 10% SAE-Bike-12-2024
- station:011 less than 10% SAE-Bike-12-2024
- station:026 less than 10% SAE-Bike-12-2024
- station:027 less than 10% SAE-Bike-12-2024
- station:028 less than 10% SAE-Bike-12-2024
- station:032 less than 10% SAE-Bike-12-2024
- station:034 less than 10% SAE-Bike-12-2024
- station:035 less than 10% SAE-Bike-12-2024
- station:036 less than 10% SAE-Bike-12-2024
- station:044 less than 10% SAE-Bike-12-2024
- station:048 less than 10% SAE-Bike-12-2024
- station:059 less than 10% SAE-Bike-12-2024
- station:061 less than 10% SAE-Bike-12-2024
14/12/2024 11:08:02
- station:002 less than 10% SAE-Bike-12-2024
- station:008 less than 10% SAE-Bike-12-2024
- station:011 less than 10% SAE-Bike-12-2024
- station:027 less than 10% SAE-Bike-12-2024
- station:028 less than 10% SAE-Bike-12-2024
- station:032 less than 10% SAE-Bike-12-2024
- station:034 less than 10% SAE-Bike-12-2024
- station:035 less than 10% SAE-Bike-12-2024
- station:036 less than 10% SAE-Bike-12-2024
- station:044 less than 10% SAE-Bike-12-2024
- station:048 less than 10% SAE-Bike-12-2024
- station:059 less than 10% SAE-Bike-12-2024
- station:061 less than 10% SAE-Bike-12-2024
14/12/2024 11:32:35
- Arc de Triomphe less than 10% SAE-Car-12-2024
- station:002 less than 10% SAE-Bike-12-2024
- station:008 less than 10% SAE-Bike-12-2024
- station:011 less than 10% SAE-Bike-12-2024
- station:026 less than 10% SAE-Bike-12-2024
- station:027 less than 10% SAE-Bike-12-2024
- station:028 less than 10% SAE-Bike-12-2024
- station:032 less than 10% SAE-Bike-12-2024
- station:035 less than 10% SAE-Bike-12-2024
- station:036 less than 10% SAE-Bike-12-2024
- station:044 less than 10% SAE-Bike-12-2024
- station:048 less than 10% SAE-Bike-12-2024
- station:059 less than 10% SAE-Bike-12-2024
- station:061 less than 10% SAE-Bike-12-2024
14/12/2024 11:46:35
- Arc de Triomphe less than 10% SAE-Car-12-2024
- station:002 less than 10% SAE-Bike-12-2024
- station:008 less than 10% SAE-Bike-12-2024
- station:011 less than 10% SAE-Bike-12-2024
- station:026 less than 10% SAE-Bike-12-2024
- station:027 less than 10% SAE-Bike-12-2024
- station:028 less than 10% SAE-Bike-12-2024
- station:032 less than 10% SAE-Bike-12-2024
- station:035 less than 10% SAE-Bike-12-2024
- station:036 less than 10% SAE-Bike-12-2024
- station:044 less than 10% SAE-Bike-12-2024
- station:048 less than 10% SAE-Bike-12-2024
- station:059 less than 10% SAE-Bike-12-2024
- station:061 less than 10% SAE-Bike-12-2024
14/12/2024 11:57:50
- Arc de Triomphe less than 10% SAE-Car-12-2024
- station:002 less than 10% SAE-Bike-12-2024
- station:008 less than 10% SAE-Bike-12-2024
- station:009 less than 10% SAE-Bike-12-2024
- station:011 less than 10% SAE-Bike-12-2024
- station:015 less than 10% SAE-Bike-12-2024
- station:026 less than 10% SAE-Bike-12-2024
- station:027 less than 10% SAE-Bike-12-2024
- station:028 less than 10% SAE-Bike-12-2024
- station:032 less than 10% SAE-Bike-12-2024
- station:035 less than 10% SAE-Bike-12-2024
- station:036 less than 10% SAE-Bike-12-2024
- station:044 less than 10% SAE-Bike-12-2024
- station:048 less than 10% SAE-Bike-12-2024
- station:059 less than 10% SAE-Bike-12-2024
- station:061 less than 10% SAE-Bike-12-2024
14/12/2024 12:18:36
- Arc de Triomphe less than 10% SAE-Car-12-2024
- station:002 less than 10% SAE-Bike-12-2024
- station:008 less than 10% SAE-Bike-12-2024
- station:009 less than 10% SAE-Bike-12-2024
- station:011 less than 10% SAE-Bike-12-2024
- station:015 less than 10% SAE-Bike-12-2024
- station:026 less than 10% SAE-Bike-12-2024
- station:027 less than 10% SAE-Bike-12-2024
- station:028 less than 10% SAE-Bike-12-2024
- station:032 less than 10% SAE-Bike-12-2024
- station:035 less than 10% SAE-Bike-12-2024
- station:036 less than 10% SAE-Bike-12-2024
- station:044 less than 10% SAE-Bike-12-2024
- station:048 less than 10% SAE-Bike-12-2024
- station:059 less than 10% SAE-Bike-12-2024
- station:061 less than 10% SAE-Bike-12-2024
14/12/2024 12:30:00
- Arc de Triomphe less than 10% SAE-Car-12-2024
- station:002 less than 10% SAE-Bike-12-2024
- station:008 less than 10% SAE-Bike-12-2024
- station:009 less than 10% SAE-Bike-12-2024
- station:011 less than 10% SAE-Bike-12-2024
- station:015 less than 10% SAE-Bike-12-2024
- station:026 less than 10% SAE-Bike-12-2024
- station:027 less than 10% SAE-Bike-12-2024
- station:028 less than 10% SAE-Bike-12-2024
- station:032 less than 10% SAE-Bike-12-2024
- station:035 less than 10% SAE-Bike-12-2024
- station:036 less than 10% SAE-Bike-12-2024
- station:044 less than 10% SAE-Bike-12-2024
- station:047 less than 10% SAE-Bike-12-2024
- station:048 less than 10% SAE-Bike-12-2024
- station:059 less than 10% SAE-Bike-12-2024
- station:061 less than 10% SAE-Bike-12-2024
14/12/2024 12:41:22
- Arc de Triomphe less than 10% SAE-Car-12-2024
- station:002 less than 10% SAE-Bike-12-2024
- station:008 less than 10% SAE-Bike-12-2024
- station:009 less than 10% SAE-Bike-12-2024
- station:011 less than 10% SAE-Bike-12-2024
- station:015 less than 10% SAE-Bike-12-2024
- station:026 less than 10% SAE-Bike-12-2024
- station:027 less than 10% SAE-Bike-12-2024
- station:028 less than 10% SAE-Bike-12-2024
- station:032 less than 10% SAE-Bike-12-2024
- station:035 less than 10% SAE-Bike-12-2024
- station:036 less than 10% SAE-Bike-12-2024
- station:044 less than 10% SAE-Bike-12-2024
- station:047 less than 10% SAE-Bike-12-2024
- station:059 less than 10% SAE-Bike-12-2024
- station:061 less than 10% SAE-Bike-12-2024
14/12/2024 12:56:41
- Arc de Triomphe less than 10% SAE-Car-12-2024
- station:002 less than 10% SAE-Bike-12-2024
- station:008 less than 10% SAE-Bike-12-2024
- station:009 less than 10% SAE-Bike-12-2024
- station:011 less than 10% SAE-Bike-12-2024
- station:015 less than 10% SAE-Bike-12-2024
- station:023 less than 10% SAE-Bike-12-2024
- station:026 less than 10% SAE-Bike-12-2024
- station:027 less than 10% SAE-Bike-12-2024
- station:028 less than 10% SAE-Bike-12-2024
- station:032 less than 10% SAE-Bike-12-2024
- station:035 less than 10% SAE-Bike-12-2024
- station:036 less than 10% SAE-Bike-12-2024
- station:044 less than 10% SAE-Bike-12-2024
- station:047 less than 10% SAE-Bike-12-2024
- station:059 less than 10% SAE-Bike-12-2024
- station:061 less than 10% SAE-Bike-12-2024
14/12/2024 13:41:56
- Arc de Triomphe less than 10% SAE-Car-12-2024
- station:002 less than 10% SAE-Bike-12-2024
- station:008 less than 10% SAE-Bike-12-2024
- station:011 less than 10% SAE-Bike-12-2024
- station:015 less than 10% SAE-Bike-12-2024
- station:016 less than 10% SAE-Bike-12-2024
- station:026 less than 10% SAE-Bike-12-2024
- station:027 less than 10% SAE-Bike-12-2024
- station:028 less than 10% SAE-Bike-12-2024
- station:032 less than 10% SAE-Bike-12-2024
- station:035 less than 10% SAE-Bike-12-2024
- station:036 less than 10% SAE-Bike-12-2024
- station:037 less than 10% SAE-Bike-12-2024
- station:044 less than 10% SAE-Bike-12-2024
- station:047 less than 10% SAE-Bike-12-2024
- station:059 less than 10% SAE-Bike-12-2024
- station:061 less than 10% SAE-Bike-12-2024
14/12/2024 14:13:04
- Arc de Triomphe less than 10% SAE-Car-12-2024
- station:002 less than 10% SAE-Bike-12-2024
- station:008 less than 10% SAE-Bike-12-2024
- station:011 less than 10% SAE-Bike-12-2024
- station:015 less than 10% SAE-Bike-12-2024
- station:016 less than 10% SAE-Bike-12-2024
- station:026 less than 10% SAE-Bike-12-2024
- station:027 less than 10% SAE-Bike-12-2024
- station:028 less than 10% SAE-Bike-12-2024
- station:032 less than 10% SAE-Bike-12-2024
- station:035 less than 10% SAE-Bike-12-2024
- station:036 less than 10% SAE-Bike-12-2024
- station:044 less than 10% SAE-Bike-12-2024
- station:047 less than 10% SAE-Bike-12-2024
- station:059 less than 10% SAE-Bike-12-2024
- station:061 less than 10% SAE-Bike-12-2024
14/12/2024 14:34:34
- Arc de Triomphe less than 10% SAE-Car-12-2024
- station:002 less than 10% SAE-Bike-12-2024
- station:008 less than 10% SAE-Bike-12-2024
- station:011 less than 10% SAE-Bike-12-2024
- station:015 less than 10% SAE-Bike-12-2024
- station:016 less than 10% SAE-Bike-12-2024
- station:023 less than 10% SAE-Bike-12-2024
- station:026 less than 10% SAE-Bike-12-2024
- station:027 less than 10% SAE-Bike-12-2024
- station:028 less than 10% SAE-Bike-12-2024
- station:032 less than 10% SAE-Bike-12-2024
- station:035 less than 10% SAE-Bike-12-2024
- station:036 less than 10% SAE-Bike-12-2024
- station:044 less than 10% SAE-Bike-12-2024
- station:047 less than 10% SAE-Bike-12-2024
- station:059 less than 10% SAE-Bike-12-2024
- station:061 less than 10% SAE-Bike-12-2024
14/12/2024 14:46:41
- Arc de Triomphe less than 10% SAE-Car-12-2024
- station:002 less than 10% SAE-Bike-12-2024
- station:008 less than 10% SAE-Bike-12-2024
- station:011 less than 10% SAE-Bike-12-2024
- station:015 less than 10% SAE-Bike-12-2024
- station:016 less than 10% SAE-Bike-12-2024
- station:020 less than 10% SAE-Bike-12-2024
- station:023 less than 10% SAE-Bike-12-2024
- station:026 less than 10% SAE-Bike-12-2024
- station:027 less than 10% SAE-Bike-12-2024
- station:028 less than 10% SAE-Bike-12-2024
- station:032 less than 10% SAE-Bike-12-2024
- station:035 less than 10% SAE-Bike-12-2024
- station:036 less than 10% SAE-Bike-12-2024
- station:044 less than 10% SAE-Bike-12-2024
- station:059 less than 10% SAE-Bike-12-2024
14/12/2024 14:58:04
- Arc de Triomphe less than 10% SAE-Car-12-2024
- station:002 less than 10% SAE-Bike-12-2024
- station:008 less than 10% SAE-Bike-12-2024
- station:011 less than 10% SAE-Bike-12-2024
- station:015 less than 10% SAE-Bike-12-2024
- station:016 less than 10% SAE-Bike-12-2024
- station:020 less than 10% SAE-Bike-12-2024
- station:023 less than 10% SAE-Bike-12-2024
- station:026 less than 10% SAE-Bike-12-2024
- station:027 less than 10% SAE-Bike-12-2024
- station:028 less than 10% SAE-Bike-12-2024
- station:032 less than 10% SAE-Bike-12-2024
- station:035 less than 10% SAE-Bike-12-2024
- station:036 less than 10% SAE-Bike-12-2024
- station:044 less than 10% SAE-Bike-12-2024
- station:059 less than 10% SAE-Bike-12-2024
14/12/2024 15:21:50
- Arc de Triomphe less than 10% SAE-Car-12-2024
- station:002 less than 10% SAE-Bike-12-2024
- station:008 less than 10% SAE-Bike-12-2024
- station:011 less than 10% SAE-Bike-12-2024
- station:015 less than 10% SAE-Bike-12-2024
- station:016 less than 10% SAE-Bike-12-2024
- station:020 less than 10% SAE-Bike-12-2024
- station:023 less than 10% SAE-Bike-12-2024
- station:026 less than 10% SAE-Bike-12-2024
- station:027 less than 10% SAE-Bike-12-2024
- station:028 less than 10% SAE-Bike-12-2024
- station:032 less than 10% SAE-Bike-12-2024
- station:035 less than 10% SAE-Bike-12-2024
- station:036 less than 10% SAE-Bike-12-2024
- station:044 less than 10% SAE-Bike-12-2024
- station:059 less than 10% SAE-Bike-12-2024
14/12/2024 15:39:48
- Arc de Triomphe less than 10% SAE-Car-12-2024
- station:002 less than 10% SAE-Bike-12-2024
- station:008 less than 10% SAE-Bike-12-2024
- station:011 less than 10% SAE-Bike-12-2024
- station:015 less than 10% SAE-Bike-12-2024
- station:016 less than 10% SAE-Bike-12-2024
- station:020 less than 10% SAE-Bike-12-2024
- station:023 less than 10% SAE-Bike-12-2024
- station:026 less than 10% SAE-Bike-12-2024
- station:027 less than 10% SAE-Bike-12-2024
- station:028 less than 10% SAE-Bike-12-2024
- station:032 less than 10% SAE-Bike-12-2024
- station:035 less than 10% SAE-Bike-12-2024
- station:036 less than 10% SAE-Bike-12-2024
- station:044 less than 10% SAE-Bike-12-2024
- station:059 less than 10% SAE-Bike-12-2024
14/12/2024 15:51:12
- Comedie less than 10% SAE-Car-12-2024
- Corum less than 10% SAE-Car-12-2024
- Arc de Triomphe less than 10% SAE-Car-12-2024
- station:008 less than 10% SAE-Bike-12-2024
- station:011 less than 10% SAE-Bike-12-2024
- station:015 less than 10% SAE-Bike-12-2024
- station:016 less than 10% SAE-Bike-12-2024
- station:020 less than 10% SAE-Bike-12-2024
- station:023 less than 10% SAE-Bike-12-2024
- station:026 less than 10% SAE-Bike-12-2024
- station:027 less than 10% SAE-Bike-12-2024
- station:028 less than 10% SAE-Bike-12-2024
- station:032 less than 10% SAE-Bike-12-2024
- station:035 less than 10% SAE-Bike-12-2024
- station:036 less than 10% SAE-Bike-12-2024
- station:044 less than 10% SAE-Bike-12-2024
- station:059 less than 10% SAE-Bike-12-2024
14/12/2024 16:19:23
- Comedie less than 10% SAE-Car-12-2024
- Corum less than 10% SAE-Car-12-2024
- Arc de Triomphe less than 10% SAE-Car-12-2024
- station:008 less than 10% SAE-Bike-12-2024
- station:011 less than 10% SAE-Bike-12-2024
- station:015 less than 10% SAE-Bike-12-2024
- station:016 less than 10% SAE-Bike-12-2024
- station:020 less than 10% SAE-Bike-12-2024
- station:023 less than 10% SAE-Bike-12-2024
- station:026 less than 10% SAE-Bike-12-2024
- station:027 less than 10% SAE-Bike-12-2024
- station:028 less than 10% SAE-Bike-12-2024
- station:035 less than 10% SAE-Bike-12-2024
- station:036 less than 10% SAE-Bike-12-2024
- station:044 less than 10% SAE-Bike-12-2024
- station:059 less than 10% SAE-Bike-12-2024
14/12/2024 16:33:24
- Corum less than 10% SAE-Car-12-2024
- Gaumont OUEST less than 10% SAE-Car-12-2024
- Arc de Triomphe less than 10% SAE-Car-12-2024
- station:008 less than 10% SAE-Bike-12-2024
- station:011 less than 10% SAE-Bike-12-2024
- station:015 less than 10% SAE-Bike-12-2024
- station:016 less than 10% SAE-Bike-12-2024
- station:020 less than 10% SAE-Bike-12-2024
- station:023 less than 10% SAE-Bike-12-2024
- station:026 less than 10% SAE-Bike-12-2024
- station:027 less than 10% SAE-Bike-12-2024
- station:028 less than 10% SAE-Bike-12-2024
- station:035 less than 10% SAE-Bike-12-2024
- station:036 less than 10% SAE-Bike-12-2024
- station:044 less than 10% SAE-Bike-12-2024
- station:059 less than 10% SAE-Bike-12-2024
14/12/2024 16:46:52
- Corum less than 10% SAE-Car-12-2024
- Gaumont OUEST less than 10% SAE-Car-12-2024
- Arc de Triomphe less than 10% SAE-Car-12-2024
- station:008 less than 10% SAE-Bike-12-2024
- station:011 less than 10% SAE-Bike-12-2024
- station:015 less than 10% SAE-Bike-12-2024
- station:016 less than 10% SAE-Bike-12-2024
- station:020 less than 10% SAE-Bike-12-2024
- station:023 less than 10% SAE-Bike-12-2024
- station:026 less than 10% SAE-Bike-12-2024
- station:027 less than 10% SAE-Bike-12-2024
- station:028 less than 10% SAE-Bike-12-2024
- station:035 less than 10% SAE-Bike-12-2024
- station:036 less than 10% SAE-Bike-12-2024
- station:044 less than 10% SAE-Bike-12-2024
- station:059 less than 10% SAE-Bike-12-2024
14/12/2024 16:58:08
- Corum less than 10% SAE-Car-12-2024
- Gaumont OUEST less than 10% SAE-Car-12-2024
- Arc de Triomphe less than 10% SAE-Car-12-2024
- station:008 less than 10% SAE-Bike-12-2024
- station:011 less than 10% SAE-Bike-12-2024
- station:015 less than 10% SAE-Bike-12-2024
- station:016 less than 10% SAE-Bike-12-2024
- station:020 less than 10% SAE-Bike-12-2024
- station:023 less than 10% SAE-Bike-12-2024
- station:026 less than 10% SAE-Bike-12-2024
- station:027 less than 10% SAE-Bike-12-2024
- station:028 less than 10% SAE-Bike-12-2024
- station:035 less than 10% SAE-Bike-12-2024
- station:036 less than 10% SAE-Bike-12-2024
- station:044 less than 10% SAE-Bike-12-2024
- station:059 less than 10% SAE-Bike-12-2024
14/12/2024 17:28:51
- Corum less than 10% SAE-Car-12-2024
- Gaumont OUEST less than 10% SAE-Car-12-2024
- Arc de Triomphe less than 10% SAE-Car-12-2024
- station:008 less than 10% SAE-Bike-12-2024
- station:011 less than 10% SAE-Bike-12-2024
- station:015 less than 10% SAE-Bike-12-2024
- station:016 less than 10% SAE-Bike-12-2024
- station:020 less than 10% SAE-Bike-12-2024
- station:023 less than 10% SAE-Bike-12-2024
- station:026 less than 10% SAE-Bike-12-2024
- station:027 less than 10% SAE-Bike-12-2024
- station:028 less than 10% SAE-Bike-12-2024
- station:035 less than 10% SAE-Bike-12-2024
- station:036 less than 10% SAE-Bike-12-2024
- station:044 less than 10% SAE-Bike-12-2024
- station:047 less than 10% SAE-Bike-12-2024
- station:059 less than 10% SAE-Bike-12-2024
14/12/2024 17:45:50
- Corum less than 10% SAE-Car-12-2024
- Arc de Triomphe less than 10% SAE-Car-12-2024
- station:008 less than 10% SAE-Bike-12-2024
- station:011 less than 10% SAE-Bike-12-2024
- station:015 less than 10% SAE-Bike-12-2024
- station:016 less than 10% SAE-Bike-12-2024
- station:020 less than 10% SAE-Bike-12-2024
- station:023 less than 10% SAE-Bike-12-2024
- station:026 less than 10% SAE-Bike-12-2024
- station:027 less than 10% SAE-Bike-12-2024
- station:028 less than 10% SAE-Bike-12-2024
- station:035 less than 10% SAE-Bike-12-2024
- station:036 less than 10% SAE-Bike-12-2024
- station:044 less than 10% SAE-Bike-12-2024
- station:047 less than 10% SAE-Bike-12-2024
- station:059 less than 10% SAE-Bike-12-2024
14/12/2024 17:57:20
- Corum less than 10% SAE-Car-12-2024
- Arc de Triomphe less than 10% SAE-Car-12-2024
- station:008 less than 10% SAE-Bike-12-2024
- station:011 less than 10% SAE-Bike-12-2024
- station:015 less than 10% SAE-Bike-12-2024
- station:016 less than 10% SAE-Bike-12-2024
- station:020 less than 10% SAE-Bike-12-2024
- station:023 less than 10% SAE-Bike-12-2024
- station:026 less than 10% SAE-Bike-12-2024
- station:027 less than 10% SAE-Bike-12-2024
- station:028 less than 10% SAE-Bike-12-2024
- station:035 less than 10% SAE-Bike-12-2024
- station:036 less than 10% SAE-Bike-12-2024
- station:044 less than 10% SAE-Bike-12-2024
- station:047 less than 10% SAE-Bike-12-2024
- station:059 less than 10% SAE-Bike-12-2024
14/12/2024 18:19:39
- Corum less than 10% SAE-Car-12-2024
- Arc de Triomphe less than 10% SAE-Car-12-2024
- station:008 less than 10% SAE-Bike-12-2024
- station:015 less than 10% SAE-Bike-12-2024
- station:016 less than 10% SAE-Bike-12-2024
- station:020 less than 10% SAE-Bike-12-2024
- station:023 less than 10% SAE-Bike-12-2024
- station:026 less than 10% SAE-Bike-12-2024
- station:027 less than 10% SAE-Bike-12-2024
- station:028 less than 10% SAE-Bike-12-2024
- station:035 less than 10% SAE-Bike-12-2024
- station:036 less than 10% SAE-Bike-12-2024
- station:038 less than 10% SAE-Bike-12-2024
- station:044 less than 10% SAE-Bike-12-2024
- station:047 less than 10% SAE-Bike-12-2024
- station:059 less than 10% SAE-Bike-12-2024
14/12/2024 18:33:29
- Corum less than 10% SAE-Car-12-2024
- Arc de Triomphe less than 10% SAE-Car-12-2024
- station:008 less than 10% SAE-Bike-12-2024
- station:015 less than 10% SAE-Bike-12-2024
- station:020 less than 10% SAE-Bike-12-2024
- station:023 less than 10% SAE-Bike-12-2024
- station:026 less than 10% SAE-Bike-12-2024
- station:027 less than 10% SAE-Bike-12-2024
- station:028 less than 10% SAE-Bike-12-2024
- station:035 less than 10% SAE-Bike-12-2024
- station:036 less than 10% SAE-Bike-12-2024
- station:038 less than 10% SAE-Bike-12-2024
- station:044 less than 10% SAE-Bike-12-2024
- station:047 less than 10% SAE-Bike-12-2024
- station:059 less than 10% SAE-Bike-12-2024
14/12/2024 18:46:40
- Corum less than 10% SAE-Car-12-2024
- Arc de Triomphe less than 10% SAE-Car-12-2024
- station:008 less than 10% SAE-Bike-12-2024
- station:015 less than 10% SAE-Bike-12-2024
- station:020 less than 10% SAE-Bike-12-2024
- station:023 less than 10% SAE-Bike-12-2024
- station:026 less than 10% SAE-Bike-12-2024
- station:027 less than 10% SAE-Bike-12-2024
- station:028 less than 10% SAE-Bike-12-2024
- station:035 less than 10% SAE-Bike-12-2024
- station:036 less than 10% SAE-Bike-12-2024
- station:038 less than 10% SAE-Bike-12-2024
- station:044 less than 10% SAE-Bike-12-2024
- station:047 less than 10% SAE-Bike-12-2024
- station:059 less than 10% SAE-Bike-12-2024
14/12/2024 18:57:51
- Corum less than 10% SAE-Car-12-2024
- Arc de Triomphe less than 10% SAE-Car-12-2024
- station:008 less than 10% SAE-Bike-12-2024
- station:011 less than 10% SAE-Bike-12-2024
- station:015 less than 10% SAE-Bike-12-2024
- station:020 less than 10% SAE-Bike-12-2024
- station:023 less than 10% SAE-Bike-12-2024
- station:026 less than 10% SAE-Bike-12-2024
- station:027 less than 10% SAE-Bike-12-2024
- station:028 less than 10% SAE-Bike-12-2024
- station:035 less than 10% SAE-Bike-12-2024
- station:036 less than 10% SAE-Bike-12-2024
- station:038 less than 10% SAE-Bike-12-2024
- station:044 less than 10% SAE-Bike-12-2024
- station:047 less than 10% SAE-Bike-12-2024
- station:054 less than 10% SAE-Bike-12-2024
- station:059 less than 10% SAE-Bike-12-2024
